   5.23400020599365       0.147358657696013       0.144840321260778     
   5.24310111999512       0.117632476896326       0.116426284506276     
   5.25220203399658       9.852033506890763E-002  9.789496184825540E-002
   5.26130342483521       8.531831125322437E-002  8.494337726822485E-002
   5.27040433883667       7.575310680540331E-002  7.556816269699167E-002
   5.27950525283813       6.859351534605626E-002  6.849303656381106E-002
   5.28860616683960       6.311644125441686E-002  6.302398552992307E-002
   5.29770708084106       5.887105017306744E-002  5.884230454310013E-002
   5.30680847167969       5.556347050648703E-002  5.553633990565378E-002
   5.31590938568115       5.299589468513480E-002  5.302177158683653E-002
   5.32501029968262       5.103242742147601E-002  5.105734559892790E-002
   5.33411121368408       4.957904088334372E-002  4.960324939940005E-002
   5.34321212768555       4.857143709620759E-002  4.859515361822722E-002
   5.35231351852417       4.796760678184637E-002  4.799102846484531E-002
   5.36141443252563       4.774336043647884E-002  4.776667262419195E-002
   5.37051534652710       4.788990032153458E-002  4.791328406192596E-002
   5.37961626052856       4.841296423465392E-002  4.843660337734662E-002
   5.38871717453003       4.933338229800212E-002  4.935747086357731E-002
   5.39781856536865       5.068914959680266E-002  5.071390015812922E-002
   5.40691947937012       5.253941052850999E-002  5.256506453755712E-002
   5.41602039337158       5.497117001768918E-002  5.494432862607897E-002
   5.42512130737305       5.811024909012445E-002  5.808187494506091E-002
   5.43422222137451       6.213929808365831E-002  6.210895662951588E-002
   5.44332361221313       6.732824953886307E-002  6.722962417332763E-002
   5.45242452621460       7.408804560054832E-002  7.390716658296886E-002
   5.46152544021606       8.307096400256457E-002  8.278703004357141E-002
   5.47062635421753       9.537220622876598E-002  9.485995316796694E-002
   5.47972726821899       0.112975616846541       0.111927503213687     
   5.48882865905762       0.139875108802911       0.137757858620836     
   5.49792957305908       0.185470134304052       0.180262842935652     
   5.50703048706055       0.278360149764366       0.261166517466909     
   5.51613140106201       0.566429262003966       0.457319719103300     
   5.52523231506348       -13.2920850844071        1.10105219337783     
   5.53433370590210      -0.522103491263675        2.80670124551575     
   5.54343461990356      -0.267336035706957        5.62225294825031     
   5.55253553390503      -0.180604556852340        9.73107771208377     
   5.56163644790649      -0.137165191270645        15.8378931930640     
   5.57073736190796      -0.111264298630162        18.7718197611002     
   5.57983875274658      -9.420435707925115E-002   17.0150040031660     
   5.58893966674805      -8.223194536828517E-002   15.6697345059066     
   5.59804058074951      -7.346369352893431E-002   14.6253805540868     
   5.60714149475098      -6.685242919303938E-002   13.8111384899561     
   5.61624240875244      -6.177120740331488E-002   13.1827560274204     
   5.62534379959106      -5.782350140466188E-002   12.7048313376046     
   5.63444471359253      -5.474810199740355E-002   12.3508130488521     
   5.64354562759399      -5.236792281975969E-002   12.1030002467254     
   5.65264654159546      -5.056086669207777E-002   11.9613929312244     
   5.66174745559692      -4.924254330601403E-002   11.9082901879115     
   5.67084884643555      -4.835574249264436E-002   11.9525424740056     
   5.67994976043701      -4.786399035687124E-002   12.0852993322878     
   5.68905067443848      -4.774774463352752E-002   12.3242616771957     
   5.69815158843994      -4.800245618588642E-002   12.6694295087293     
   5.70725297927856      -4.863812792252007E-002   13.1385037413264     
   5.71635389328003      -4.968028975852439E-002   13.7580357466432     
   5.72545480728149      -5.117257075964171E-002   14.5545768963363     
   5.73455572128296      -5.318136790988930E-002   15.5723794764997     
   5.74365663528442      -5.580359187707689E-002   13.9615962626759     
   5.75275802612305      -5.917930235794586E-002   12.4570185354779     
   5.76185894012451      -6.351261545250737E-002   11.1471508670937     
   5.77095985412598      -6.910743926972419E-002   9.99659142864813     
   5.78006076812744      -7.643147358994987E-002   8.94338701960950     
   5.78916168212891      -8.623805959595539E-002   7.96762411123548     
   5.79826307296753      -9.981724627293552E-002   7.02505041743201     
   5.80736398696899      -0.119569755042976        6.08690195223794     
   5.81646490097046      -0.150519900881681        5.11335165816862     
   5.82556581497192      -0.205230387637650        4.06789139919645     
   5.83466672897339      -0.326390252721459        2.91733196075090     
   5.84376811981201      -0.812108264943802        1.69541571097867     
   5.85286903381348        1.63769151299035       0.739480091131751     
   5.86196994781494       0.408518244447913       0.357952143389541     
   5.87107086181641       0.234401046127694       0.223585177544166     
   5.88017177581787       0.165247861676935       0.161455552351341     
   5.88927316665649       0.128369198958300       0.126676831589221     
   5.89837408065796       0.105615682370888       0.104738989694958     
   5.90747499465942       9.030719454546376E-002  8.982214613726060E-002
   5.91657590866089       7.941116280414175E-002  7.913973793127602E-002
   5.92567682266235       7.135386294392032E-002  7.117965917696739E-002
   5.93477821350098       6.523911924091724E-002  6.514355412484168E-002
   5.94387912750244       6.052084425044684E-002  6.043219067000186E-002
   5.95298004150391       5.684908139585044E-002  5.682132305532512E-002
   5.96208095550537       5.399108974591247E-002  5.396472690912248E-002
   5.97118186950684       5.178810526220996E-002  5.176281810143739E-002
   5.98028326034546       5.013040045712629E-002  5.015487819172451E-002
   5.98938417434692       4.894235002984802E-002  4.896624766169853E-002
   5.99848508834839       4.817329639755982E-002  4.819681851494145E-002
   6.00758600234985       4.779198457528922E-002  4.781532050525763E-002
   6.01668691635132       4.778335814228554E-002  4.780668986012845E-002
   6.02578830718994       4.814707982539239E-002  4.817058914171337E-002
   6.03488922119141       4.889749884212546E-002  4.892137457398197E-002
   6.04399013519287       5.006505898987750E-002  5.004061316029260E-002
   6.05309104919434       5.169941148025677E-002  5.167416762699493E-002
   6.06219196319580       5.387484878815998E-002  5.384854270965014E-002
   6.07129335403442       5.669923361381260E-002  5.661617809582361E-002
   6.08039426803589       6.032859015026326E-002  6.024021819203533E-002
   6.08949518203735       6.499143772792677E-002  6.483276722566132E-002
   6.09859609603882       7.103089106237828E-002  7.078810969644242E-002
   6.10769701004028       7.898128938005149E-002  7.855707347029535E-002
   6.11679840087891       8.971717176402406E-002  8.906006357239303E-002
   6.12589931488037       0.104768695850898       0.103592094286166     
   6.13500022888184       0.127069563784291       0.124773873422954     
