Lattice   = `/home/shanksj/CesrTA/lat/cta_2085mev_xr20m_20091205_quad_ma10pct.lat_and_layout'
 File_name = `tunescan.in'
data_date = ` 2010-03-10 15:46:12'
 Return
 
!  Q_x0 = 0.500  Q_y0 = 0.500  Q_x1 = 0.660  Q_y1 = 0.660  Q_z = 0.000
 
!   Q_x       Q_y       Q_z      x_end       y_end      amp_x_max   amp_y_max   Turns   
   0.51000   0.50800  -0.06590  0.4985E-02  0.2633E-02    0.1212E+01  0.1289E+01        11
   0.51000   0.51200  -0.06590  0.4879E-02  0.1912E-02    0.1436E+01  0.1263E+01        11
   0.51000   0.51400  -0.06590  0.4859E-02  0.1474E-02    0.1350E+01  0.1312E+01        11
   0.51000   0.51600  -0.06590  0.4842E-02  0.1023E-02    0.1323E+01  0.1342E+01        11
   0.51000   0.51800  -0.06590  0.4425E-02 -0.1840E-02    0.1428E+01  0.1498E+01        13
   0.51000   0.52000  -0.06590 -0.3289E-02  0.4616E-02    0.1414E+01  0.1668E+01        22
   0.51000   0.52200  -0.06590 -0.3158E-02  0.3941E-02    0.1403E+01  0.1626E+01        22
   0.51000   0.52400  -0.06590 -0.3009E-02  0.3235E-02    0.1394E+01  0.1576E+01        22
   0.51000   0.52600  -0.06590 -0.3067E-02  0.8662E-04    0.1387E+01  0.1676E+01        24
   0.51000   0.52800  -0.06590 -0.4512E-02  0.5326E-03    0.1382E+01  0.1605E+01       114
   0.51000   0.53000  -0.06590 -0.2420E-02  0.4568E-02    0.1730E+01  0.1541E+01      1001
   0.51000   0.53200  -0.06590  0.4111E-02 -0.3286E-02    0.1438E+01  0.1508E+01      1001
   0.51000   0.53400  -0.06590  0.4081E-02  0.7966E-03    0.1420E+01  0.1315E+01      1001
   0.51000   0.53600  -0.06590 -0.4662E-02 -0.2384E-02    0.1473E+01  0.1139E+01      1001
   0.51000   0.53800  -0.06590 -0.2700E-02 -0.3055E-02    0.1447E+01  0.1130E+01      1001
   0.51000   0.54000  -0.06590  0.4679E-02  0.2724E-02    0.1432E+01  0.1176E+01      1001
   0.51000   0.54200  -0.06590  0.2772E-02 -0.2953E-02    0.1621E+01  0.1087E+01      1001
   0.51000   0.54400  -0.06590  0.1284E-02  0.1076E-02    0.1544E+01  0.1060E+01      1001
   0.51000   0.54600  -0.06590 -0.2288E-02 -0.3815E-02    0.1529E+01  0.1065E+01      1001
   0.51000   0.54800  -0.06590 -0.4297E-02 -0.1852E-02    0.1514E+01  0.1057E+01      1001
   0.51000   0.55000  -0.06590 -0.1703E-02 -0.3340E-02    0.1659E+01  0.1209E+01      1001
   0.51000   0.55200  -0.06590 -0.1970E-02  0.3957E-02    0.1552E+01  0.1101E+01      1001
   0.51000   0.55400  -0.06590 -0.1503E-02  0.4222E-02    0.1539E+01  0.1052E+01      1001
   0.51000   0.55600  -0.06590 -0.2364E-02  0.4020E-02    0.1540E+01  0.1047E+01      1001
   0.51000   0.55800  -0.06590 -0.1829E-02  0.4218E-02    0.1518E+01  0.1042E+01      1001
   0.51000   0.56000  -0.06590 -0.9971E-03  0.4977E-02    0.1505E+01  0.1427E+01      1001
   0.51000   0.56200  -0.06590 -0.4476E-02  0.4270E-02    0.1562E+01  0.1215E+01      1001
   0.51000   0.56400  -0.06590 -0.5369E-02  0.4150E-02    0.1520E+01  0.1166E+01      1001
   0.51000   0.56600  -0.06590 -0.4871E-02  0.1521E-02    0.1529E+01  0.1123E+01      1001
   0.51000   0.56800  -0.06590 -0.4187E-02 -0.6431E-03    0.1538E+01  0.1102E+01      1001
   0.51000   0.57000  -0.06590 -0.2673E-02 -0.1144E-02    0.1545E+01  0.1098E+01      1001
   0.51000   0.57200  -0.06590 -0.1138E-02 -0.4188E-02    0.1532E+01  0.1068E+01      1001
   0.51000   0.57400  -0.06590 -0.4781E-02  0.1985E-02    0.1506E+01  0.1092E+01      1001
   0.51000   0.57600  -0.06590 -0.3960E-02  0.7307E-03    0.1527E+01  0.1075E+01      1001
   0.51000   0.57800  -0.06590 -0.3715E-02  0.7250E-03    0.1525E+01  0.1078E+01      1001
   0.51000   0.58000  -0.06590 -0.3439E-02  0.9237E-03    0.1527E+01  0.1070E+01      1001
   0.51000   0.58200  -0.06590 -0.3601E-02  0.6761E-03    0.1516E+01  0.1068E+01      1001
   0.51000   0.58400  -0.06590 -0.3386E-02  0.1479E-02    0.1516E+01  0.1061E+01      1001
   0.51000   0.58600  -0.06590 -0.3066E-02  0.1657E-02    0.1516E+01  0.1068E+01      1001
   0.51000   0.58800  -0.06590 -0.3003E-02  0.2137E-02    0.1528E+01  0.1067E+01      1001
   0.51000   0.59000  -0.06590 -0.2974E-02  0.3109E-02    0.1531E+01  0.1062E+01      1001
   0.51000   0.59200  -0.06590 -0.3113E-02  0.3956E-02    0.1534E+01  0.1061E+01      1001
   0.51000   0.59400  -0.06590 -0.1782E-02 -0.2703E-02    0.1523E+01  0.1054E+01      1001
   0.51000   0.59600  -0.06590 -0.8879E-03  0.9102E-03    0.1548E+01  0.1050E+01      1001
   0.51000   0.59800  -0.06590 -0.1822E-02  0.2411E-02    0.1534E+01  0.1054E+01      1001
   0.51000   0.60000  -0.06590 -0.1656E-02  0.2451E-02    0.1535E+01  0.1054E+01      1001
   0.51000   0.60200  -0.06590 -0.1610E-02  0.3514E-02    0.1525E+01  0.1052E+01      1001
   0.51000   0.60400  -0.06590 -0.1571E-02  0.3716E-02    0.1527E+01  0.1051E+01      1001
   0.51000   0.60600  -0.06590 -0.1837E-02  0.4348E-02    0.1533E+01  0.1047E+01      1001
   0.51200   0.50800  -0.06590  0.4689E-02  0.2533E-02    0.1320E+01  0.1237E+01        11
   0.51200   0.51000  -0.06590  0.4664E-02  0.2157E-02    0.1296E+01  0.1303E+01        11
   0.51200   0.51400  -0.06590  0.4562E-02  0.1363E-02    0.1407E+01  0.1315E+01        11
   0.51200   0.51600  -0.06590  0.4550E-02  0.9053E-03    0.1366E+01  0.1345E+01        11
   0.51200   0.51800  -0.06590 -0.1941E-02  0.5337E-02    0.1462E+01  0.1729E+01        22
   0.51200   0.52000  -0.06590 -0.1853E-02  0.4682E-02    0.1449E+01  0.1677E+01        22
   0.51200   0.52200  -0.06590 -0.1737E-02  0.3999E-02    0.1438E+01  0.1638E+01        22
   0.51200   0.52400  -0.06590 -0.1598E-02  0.3285E-02    0.1429E+01  0.1583E+01        22
   0.51200   0.52600  -0.06590 -0.1515E-02  0.1159E-03    0.1421E+01  0.1650E+01        24
   0.51200   0.52800  -0.06590  0.9552E-04  0.2675E-02    0.1574E+01  0.1666E+01      1001
   0.51200   0.53000  -0.06590 -0.2258E-02  0.1664E-02    0.1560E+01  0.1407E+01      1001
   0.51200   0.53200  -0.06590  0.4050E-02  0.2882E-02    0.1432E+01  0.1316E+01      1001
   0.51200   0.53400  -0.06590  0.5461E-02  0.7598E-04    0.1464E+01  0.1167E+01      1001
   0.51200   0.53600  -0.06590  0.2210E-02 -0.3116E-02    0.1413E+01  0.1231E+01      1001
   0.51200   0.53800  -0.06590  0.4796E-02  0.2195E-02    0.1639E+01  0.1120E+01      1001
   0.51200   0.54000  -0.06590 -0.4315E-02 -0.2907E-02    0.1465E+01  0.1127E+01      1001
   0.51200   0.54200  -0.06590  0.3448E-02  0.3842E-02    0.1444E+01  0.1175E+01      1001
   0.51200   0.54400  -0.06590  0.3302E-02 -0.2214E-03    0.1656E+01  0.1106E+01      1001
   0.51200   0.54600  -0.06590  0.1458E-02  0.3063E-02    0.1541E+01  0.1041E+01      1001
   0.51200   0.54800  -0.06590  0.1758E-03  0.3109E-02    0.1689E+01  0.1248E+01      1001
   0.51200   0.55000  -0.06590 -0.2153E-02  0.3705E-02    0.1553E+01  0.1115E+01      1001
   0.51200   0.55200  -0.06590 -0.1703E-02  0.1310E-02    0.1552E+01  0.1058E+01      1001
   0.51200   0.55400  -0.06590 -0.3031E-02  0.4105E-02    0.1533E+01  0.1061E+01      1001
   0.51200   0.55600  -0.06590 -0.2177E-02  0.3973E-02    0.1505E+01  0.1065E+01      1001
   0.51200   0.55800  -0.06590 -0.1939E-02  0.3123E-02    0.1511E+01  0.1048E+01      1001
   0.51200   0.56000  -0.06590 -0.6004E-02  0.1210E-02    0.1555E+01  0.1426E+01      1001
   0.51200   0.56200  -0.06590 -0.5328E-02  0.4225E-02    0.1518E+01  0.1247E+01      1001
   0.51200   0.56400  -0.06590 -0.5712E-02  0.3272E-02    0.1515E+01  0.1175E+01      1001
   0.51200   0.56600  -0.06590 -0.2942E-02  0.1304E-02    0.1564E+01  0.1163E+01      1001
   0.51200   0.56800  -0.06590 -0.4326E-02 -0.2919E-02    0.1507E+01  0.1114E+01      1001
   0.51200   0.57000  -0.06590 -0.4185E-02 -0.2893E-02    0.1509E+01  0.1102E+01      1001
   0.51200   0.57200  -0.06590 -0.3324E-02 -0.3736E-02    0.1529E+01  0.1088E+01      1001
   0.51200   0.57400  -0.06590 -0.1148E-02 -0.4092E-02    0.1538E+01  0.1072E+01      1001
   0.51200   0.57600  -0.06590 -0.4549E-02 -0.6475E-03    0.1496E+01  0.1090E+01      1001
   0.51200   0.57800  -0.06590 -0.3772E-02 -0.1527E-02    0.1512E+01  0.1081E+01      1001
   0.51200   0.58000  -0.06590 -0.3715E-02 -0.2403E-02    0.1508E+01  0.1076E+01      1001
   0.51200   0.58200  -0.06590 -0.3342E-02 -0.1672E-02    0.1504E+01  0.1075E+01      1001
   0.51200   0.58400  -0.06590 -0.3064E-02 -0.1489E-02    0.1508E+01  0.1060E+01      1001
   0.51200   0.58600  -0.06590 -0.3139E-02 -0.1104E-02    0.1520E+01  0.1061E+01      1001
   0.51200   0.58800  -0.06590 -0.3153E-02 -0.3461E-03    0.1483E+01  0.1056E+01      1001
   0.51200   0.59000  -0.06590 -0.2793E-02  0.5028E-04    0.1507E+01  0.1069E+01      1001
   0.51200   0.59200  -0.06590 -0.2958E-02  0.1843E-02    0.1524E+01  0.1061E+01      1001
   0.51200   0.59400  -0.06590 -0.7719E-03 -0.3681E-02    0.1488E+01  0.1062E+01      1001
   0.51200   0.59600  -0.06590 -0.2094E-02 -0.1196E-02    0.1520E+01  0.1058E+01      1001
   0.51200   0.59800  -0.06590 -0.1860E-02 -0.9634E-03    0.1531E+01  0.1059E+01      1001
   0.51200   0.60000  -0.06590 -0.1869E-02 -0.6398E-03    0.1531E+01  0.1055E+01      1001
   0.51200   0.60200  -0.06590 -0.1148E-02  0.2212E-03    0.1540E+01  0.1047E+01      1001
   0.51200   0.60400  -0.06590 -0.2074E-02  0.1564E-02    0.1513E+01  0.1051E+01      1001
   0.51200   0.60600  -0.06590 -0.1106E-02  0.2015E-02    0.1526E+01  0.1052E+01      1001
   0.51200   0.60800  -0.06590 -0.4658E-03  0.9460E-04    0.1516E+01  0.1050E+01      1001
   0.51200   0.61000  -0.06590 -0.5401E-03  0.1906E-02    0.1522E+01  0.1042E+01      1001
   0.51200   0.61200  -0.06590 -0.3453E-03  0.2047E-02    0.1531E+01  0.1048E+01      1001
   0.51200   0.61400  -0.06590 -0.1155E-02  0.2845E-02    0.1508E+01  0.1040E+01      1001
   0.51200   0.61600  -0.06590  0.2626E-04 -0.1226E-02    0.1504E+01  0.1030E+01      1001
   0.51200   0.61800  -0.06590 -0.3240E-04  0.4462E-02    0.1545E+01  0.1060E+01      1001
   0.51200   0.62000  -0.06590 -0.8111E-04  0.4294E-02    0.1534E+01  0.1053E+01      1001
   0.51200   0.62200  -0.06590 -0.7808E-05  0.4235E-02    0.1526E+01  0.1055E+01      1001
   0.51200   0.62400  -0.06590  0.6452E-05  0.4478E-02    0.1533E+01  0.1059E+01      1001
   0.51200   0.62600  -0.06590  0.2485E-03  0.4529E-02    0.1525E+01  0.1047E+01      1001
   0.51200   0.62800  -0.06590  0.3007E-03  0.4560E-02    0.1519E+01  0.1056E+01      1001
   0.51200   0.63000  -0.06590  0.4086E-03  0.4614E-02    0.1510E+01  0.1053E+01      1001
   0.51200   0.63200  -0.06590  0.5020E-03  0.4706E-02    0.1518E+01  0.1056E+01      1001
   0.51200   0.63400  -0.06590  0.6484E-03  0.4502E-02    0.1526E+01  0.1050E+01      1001
   0.51200   0.63600  -0.06590  0.7557E-03  0.4687E-02    0.1532E+01  0.1048E+01      1001
   0.51200   0.63800  -0.06590  0.8390E-03  0.4715E-02    0.1514E+01  0.1048E+01      1001
   0.51200   0.64000  -0.06590  0.1392E-02 -0.5521E-03    0.1521E+01  0.1042E+01      1001
   0.51200   0.64200  -0.06590  0.1094E-02  0.4694E-02    0.1518E+01  0.1054E+01      1001
   0.51200   0.64400  -0.06590  0.1159E-02  0.4637E-02    0.1534E+01  0.1052E+01      1001
   0.51200   0.64600  -0.06590  0.1255E-02  0.4536E-02    0.1514E+01  0.1049E+01      1001
   0.51200   0.64800  -0.06590  0.1450E-02  0.4504E-02    0.1515E+01  0.1052E+01      1001
   0.51200   0.65000  -0.06590  0.1409E-02  0.4251E-02    0.1533E+01  0.1053E+01      1001
   0.51200   0.65200  -0.06590  0.1620E-02  0.4127E-02    0.1523E+01  0.1050E+01      1001
   0.51200   0.65400  -0.06590  0.1188E-02  0.3086E-02    0.1527E+01  0.1059E+01      1001
   0.51200   0.65600  -0.06590  0.1985E-02  0.4029E-02    0.1538E+01  0.1053E+01      1001
   0.51200   0.65800  -0.06590  0.1970E-02  0.3392E-02    0.1529E+01  0.1062E+01      1001
   0.51200   0.66000  -0.06590  0.1652E-02  0.1655E-02    0.1510E+01  0.1070E+01      1001
   0.51400   0.50800  -0.06590  0.4338E-02  0.2422E-02    0.1375E+01  0.1226E+01        11
   0.51400   0.51000  -0.06590  0.4303E-02  0.2052E-02    0.1369E+01  0.1271E+01        11
   0.51400   0.51200  -0.06590  0.4281E-02  0.1634E-02    0.1355E+01  0.1318E+01        11
   0.51400   0.51600  -0.06590 -0.5610E-02 -0.1023E-02    0.1484E+01  0.1501E+01        12
   0.51400   0.51800  -0.06590 -0.2834E-03  0.5460E-02    0.1478E+01  0.1735E+01        22
   0.51400   0.52000  -0.06590 -0.2296E-03  0.4788E-02    0.1468E+01  0.1697E+01        22
   0.51400   0.52200  -0.06590 -0.1388E-03  0.4092E-02    0.1458E+01  0.1654E+01        22
   0.51400   0.52400  -0.06590 -0.1933E-04  0.3366E-02    0.1449E+01  0.1596E+01        22
   0.51400   0.52600  -0.06590  0.1957E-03  0.1813E-03    0.1441E+01  0.1636E+01        24
   0.51400   0.52800  -0.06590  0.4559E-02  0.2583E-02    0.1493E+01  0.1557E+01      1001
   0.51400   0.53000  -0.06590  0.5954E-03  0.1970E-02    0.1574E+01  0.1403E+01      1001
   0.51400   0.53200  -0.06590 -0.8046E-02  0.1926E-02    0.2660E+01  0.1638E+01      1001
   0.51400   0.53400  -0.06590 -0.3911E-02 -0.2756E-02    0.2115E+01  0.1372E+01      1001
   0.51400   0.53600  -0.06590 -0.7218E-02  0.3636E-02    0.2653E+01  0.1497E+01      1001
   0.51400   0.53800  -0.06590  0.6242E-02  0.3124E-02    0.2427E+01  0.1240E+01      1001
   0.51400   0.54000  -0.06590 -0.4080E-02 -0.1037E-02    0.2352E+01  0.1241E+01      1001
   0.51400   0.54200  -0.06590 -0.4800E-02  0.8287E-03    0.2358E+01  0.1137E+01      1001
   0.51400   0.54400  -0.06590 -0.4353E-02 -0.3087E-02    0.2344E+01  0.1234E+01      1001
   0.51400   0.54600  -0.06590  0.5909E-02 -0.1370E-02    0.2403E+01  0.1298E+01      1001
   0.51400   0.54800  -0.06590  0.7335E-03  0.3976E-02    0.2250E+01  0.1117E+01      1001
   0.51400   0.55000  -0.06590 -0.2996E-02 -0.2730E-02    0.2444E+01  0.1130E+01      1001
   0.51400   0.55200  -0.06590 -0.2719E-02 -0.7577E-03    0.2281E+01  0.1097E+01      1001
   0.51400   0.55400  -0.06590 -0.5717E-02 -0.1065E-02    0.2324E+01  0.1061E+01      1001
   0.51400   0.55600  -0.06590 -0.2553E-02 -0.2405E-02    0.2240E+01  0.1073E+01      1001
   0.51400   0.55800  -0.06590 -0.3935E-02  0.1275E-03    0.2269E+01  0.1065E+01      1001
   0.51400   0.56000  -0.06590  0.6006E-02  0.3736E-02    0.2282E+01  0.1432E+01      1001
   0.51400   0.56200  -0.06590 -0.1966E-02  0.1756E-02    0.2244E+01  0.1210E+01      1001
   0.51400   0.56400  -0.06590  0.4899E-02  0.3989E-02    0.2405E+01  0.1181E+01      1001
   0.51400   0.56600  -0.06590 -0.3257E-02  0.2300E-02    0.2266E+01  0.1165E+01      1001
   0.51400   0.56800  -0.06590 -0.4091E-02  0.4494E-02    0.2337E+01  0.1135E+01      1001
   0.51400   0.57000  -0.06590 -0.2833E-02  0.4639E-02    0.2296E+01  0.1109E+01      1001
   0.51400   0.57200  -0.06590 -0.2968E-02  0.4571E-02    0.2304E+01  0.1099E+01      1001
   0.51400   0.57400  -0.06590 -0.3060E-02  0.4635E-02    0.2259E+01  0.1092E+01      1001
   0.51400   0.57600  -0.06590 -0.3044E-02  0.3683E-02    0.2271E+01  0.1089E+01      1001
   0.51400   0.57800  -0.06590 -0.3327E-02  0.4204E-02    0.2250E+01  0.1099E+01      1001
   0.51400   0.58000  -0.06590 -0.2921E-02  0.3611E-02    0.2278E+01  0.1082E+01      1001
   0.51400   0.58200  -0.06590 -0.3184E-02  0.3035E-02    0.2219E+01  0.1088E+01      1001
   0.51400   0.58400  -0.06590 -0.3584E-02  0.3849E-02    0.2284E+01  0.1075E+01      1001
   0.51400   0.58600  -0.06590 -0.3230E-02  0.3008E-02    0.2267E+01  0.1075E+01      1001
   0.51400   0.58800  -0.06590 -0.3270E-02  0.2447E-02    0.2257E+01  0.1076E+01      1001
   0.51400   0.59000  -0.06590 -0.3491E-02  0.1688E-02    0.2258E+01  0.1076E+01      1001
   0.51400   0.59200  -0.06590 -0.3663E-02 -0.4288E-02    0.2298E+01  0.1100E+01      1001
   0.51400   0.59400  -0.06590 -0.3131E-02  0.1424E-02    0.2273E+01  0.1084E+01      1001
   0.51400   0.59600  -0.06590 -0.3307E-02  0.2488E-02    0.2231E+01  0.1069E+01      1001
   0.51400   0.59800  -0.06590 -0.3470E-02  0.1424E-02    0.2237E+01  0.1069E+01      1001
   0.51400   0.60000  -0.06590 -0.3381E-02  0.4968E-03    0.2222E+01  0.1082E+01      1001
   0.51400   0.60200  -0.06590 -0.3644E-02 -0.4945E-04    0.2235E+01  0.1078E+01      1001
   0.51400   0.60400  -0.06590 -0.3428E-02 -0.7350E-03    0.2215E+01  0.1072E+01      1001
   0.51400   0.60600  -0.06590 -0.3574E-02 -0.1685E-02    0.2225E+01  0.1067E+01      1001
   0.51400   0.60800  -0.06590 -0.3580E-02 -0.2025E-02    0.2230E+01  0.1080E+01      1001
   0.51400   0.61000  -0.06590 -0.3090E-02 -0.2894E-02    0.2246E+01  0.1080E+01      1001
   0.51400   0.61200  -0.06590 -0.3684E-02 -0.1461E-02    0.2221E+01  0.1071E+01      1001
   0.51400   0.61400  -0.06590 -0.3566E-02 -0.1555E-02    0.2214E+01  0.1063E+01      1001
   0.51400   0.61600  -0.06590 -0.3734E-02  0.4651E-02    0.2211E+01  0.1036E+01      1001
   0.51400   0.61800  -0.06590 -0.5738E-02  0.2547E-02    0.2297E+01  0.1079E+01      1001
   0.51400   0.62000  -0.06590 -0.3483E-02 -0.4615E-02    0.2183E+01  0.1086E+01      1001
   0.51400   0.62200  -0.06590 -0.3591E-02 -0.4615E-02    0.2239E+01  0.1074E+01      1001
   0.51400   0.62400  -0.06590 -0.3560E-02 -0.3051E-02    0.2194E+01  0.1069E+01      1001
   0.51400   0.62600  -0.06590 -0.3118E-02 -0.4633E-02    0.2213E+01  0.1094E+01      1001
   0.51400   0.62800  -0.06590 -0.3542E-02 -0.4755E-02    0.2216E+01  0.1087E+01      1001
   0.51400   0.63000  -0.06590 -0.3577E-02 -0.4671E-02    0.2218E+01  0.1077E+01      1001
   0.51400   0.63200  -0.06590 -0.3533E-02 -0.4492E-02    0.2229E+01  0.1083E+01      1001
   0.51400   0.63400  -0.06590 -0.3329E-02 -0.4366E-02    0.2199E+01  0.1088E+01      1001
   0.51400   0.63600  -0.06590 -0.3653E-02 -0.4477E-02    0.2218E+01  0.1085E+01      1001
   0.51400   0.63800  -0.06590 -0.3661E-02 -0.4020E-02    0.2210E+01  0.1079E+01      1001
   0.51400   0.64000  -0.06590 -0.3754E-02  0.1517E-02    0.2237E+01  0.1140E+01      1001
   0.51400   0.64200  -0.06590 -0.3685E-02 -0.3587E-02    0.2220E+01  0.1082E+01      1001
   0.51400   0.64400  -0.06590 -0.3700E-02 -0.3159E-02    0.2197E+01  0.1090E+01      1001
   0.51400   0.64600  -0.06590 -0.3851E-02 -0.3006E-02    0.2207E+01  0.1094E+01      1001
   0.51400   0.64800  -0.06590 -0.3811E-02 -0.2480E-02    0.2189E+01  0.1083E+01      1001
   0.51400   0.65000  -0.06590 -0.3725E-02 -0.3102E-02    0.2170E+01  0.1078E+01      1001
   0.51400   0.65200  -0.06590 -0.3773E-02 -0.4309E-03    0.2197E+01  0.1095E+01      1001
   0.51400   0.65400  -0.06590 -0.3924E-02 -0.8995E-03    0.2166E+01  0.1086E+01      1001
   0.51400   0.65600  -0.06590 -0.4031E-02  0.1238E-02    0.2204E+01  0.1102E+01      1001
   0.51400   0.65800  -0.06590 -0.4322E-02  0.9936E-03    0.2166E+01  0.1102E+01      1001
   0.51400   0.66000  -0.06590 -0.4112E-02  0.2531E-02    0.2185E+01  0.1111E+01      1001
   0.51600   0.50800  -0.06590  0.3928E-02  0.2312E-02    0.1407E+01  0.1222E+01        11
   0.51600   0.51000  -0.06590  0.3892E-02  0.1940E-02    0.1404E+01  0.1263E+01        11
   0.51600   0.51200  -0.06590  0.3861E-02  0.1527E-02    0.1400E+01  0.1300E+01        11
   0.51600   0.51400  -0.06590 -0.5301E-02 -0.1524E-02    0.1530E+01  0.1448E+01        12
   0.51600   0.51800  -0.06590  0.1517E-02  0.5621E-02    0.1463E+01  0.1758E+01        22
   0.51600   0.52000  -0.06590  0.1500E-02  0.4918E-02    0.1469E+01  0.1722E+01        22
   0.51600   0.52200  -0.06590  0.1549E-02  0.4201E-02    0.1462E+01  0.1675E+01        22
   0.51600   0.52400  -0.06590  0.1637E-02  0.3459E-02    0.1454E+01  0.1612E+01        22
   0.51600   0.52600  -0.06590  0.1940E-02  0.2503E-03    0.1446E+01  0.1638E+01        24
   0.51600   0.52800  -0.06590  0.3238E-02 -0.9948E-03    0.1841E+01  0.1617E+01       175
   0.51600   0.53000  -0.06590 -0.2717E-02  0.3561E-02    0.1655E+01  0.1538E+01      1001
   0.51600   0.53200  -0.06590 -0.5264E-02  0.8238E-03    0.1537E+01  0.1255E+01      1001
   0.51600   0.53400  -0.06590  0.5510E-02  0.1407E-02    0.1813E+01  0.1173E+01      1001
   0.51600   0.53600  -0.06590  0.3578E-02  0.3358E-02    0.1488E+01  0.1176E+01      1001
   0.51600   0.53800  -0.06590  0.4819E-02 -0.2501E-02    0.1495E+01  0.1147E+01      1001
   0.51600   0.54000  -0.06590  0.3210E-02 -0.7228E-03    0.1455E+01  0.1097E+01      1001
   0.51600   0.54200  -0.06590  0.1830E-02 -0.3435E-02    0.1521E+01  0.1111E+01      1001
   0.51600   0.54400  -0.06590  0.4940E-02 -0.3972E-02    0.1586E+01  0.1373E+01      1001
   0.51600   0.54600  -0.06590  0.1415E-02 -0.7047E-03    0.1514E+01  0.1168E+01      1001
   0.51600   0.54800  -0.06590  0.4067E-02 -0.3549E-02    0.1657E+01  0.1059E+01      1001
   0.51600   0.55000  -0.06590 -0.1786E-02  0.2887E-02    0.1510E+01  0.1066E+01      1001
   0.51600   0.55200  -0.06590 -0.7323E-03  0.4291E-02    0.1534E+01  0.1050E+01      1001
   0.51600   0.55400  -0.06590 -0.3525E-03  0.4472E-02    0.1504E+01  0.1050E+01      1001
   0.51600   0.55600  -0.06590 -0.3966E-03  0.4551E-02    0.1503E+01  0.1048E+01      1001
   0.51600   0.55800  -0.06590 -0.1500E-02  0.4620E-02    0.1508E+01  0.1052E+01      1001
   0.51600   0.56000  -0.06590 -0.4095E-02 -0.4978E-02    0.1566E+01  0.1414E+01      1001
   0.51600   0.56200  -0.06590 -0.5591E-02  0.1485E-02    0.1592E+01  0.1236E+01      1001
   0.51600   0.56400  -0.06590  0.4800E-02  0.4316E-02    0.1511E+01  0.1159E+01      1001
   0.51600   0.56600  -0.06590  0.4390E-02  0.3093E-02    0.1508E+01  0.1122E+01      1001
   0.51600   0.56800  -0.06590  0.2722E-02  0.3130E-03    0.1503E+01  0.1105E+01      1001
   0.51600   0.57000  -0.06590  0.1852E-02 -0.7996E-03    0.1497E+01  0.1075E+01      1001
   0.51600   0.57200  -0.06590  0.1402E-02 -0.1099E-02    0.1503E+01  0.1084E+01      1001
   0.51600   0.57400  -0.06590  0.8983E-03 -0.1223E-02    0.1496E+01  0.1074E+01      1001
   0.51600   0.57600  -0.06590 -0.6648E-03  0.2695E-02    0.1524E+01  0.1091E+01      1001
   0.51600   0.57800  -0.06590  0.1868E-03 -0.1574E-02    0.1467E+01  0.1058E+01      1001
   0.51600   0.58000  -0.06590  0.7387E-03  0.6128E-03    0.1492E+01  0.1072E+01      1001
   0.51600   0.58200  -0.06590  0.1294E-02  0.1950E-02    0.1481E+01  0.1070E+01      1001
   0.51600   0.58400  -0.06590  0.3015E-03  0.9370E-03    0.1489E+01  0.1067E+01      1001
   0.51600   0.58600  -0.06590  0.2825E-03  0.1444E-02    0.1487E+01  0.1060E+01      1001
   0.51600   0.58800  -0.06590  0.5412E-04  0.1878E-02    0.1485E+01  0.1063E+01      1001
   0.51600   0.59000  -0.06590  0.1154E-04  0.2470E-02    0.1497E+01  0.1057E+01      1001
   0.51600   0.59200  -0.06590 -0.1671E-04  0.3667E-02    0.1478E+01  0.1055E+01      1001
   0.51600   0.59400  -0.06590 -0.1082E-02 -0.2721E-02    0.1482E+01  0.1053E+01      1001
   0.51600   0.59600  -0.06590 -0.1048E-02  0.1089E-02    0.1493E+01  0.1057E+01      1001
   0.51600   0.59800  -0.06590 -0.1030E-02  0.1858E-02    0.1489E+01  0.1053E+01      1001
   0.51600   0.60000  -0.06590 -0.1002E-02  0.3300E-02    0.1488E+01  0.1050E+01      1001
   0.51600   0.60200  -0.06590 -0.9900E-03  0.3369E-02    0.1493E+01  0.1046E+01      1001
   0.51600   0.60400  -0.06590 -0.1110E-02  0.3598E-02    0.1496E+01  0.1050E+01      1001
   0.51600   0.60600  -0.06590 -0.1099E-02  0.3934E-02    0.1498E+01  0.1051E+01      1001
   0.51600   0.60800  -0.06590 -0.3910E-03  0.4842E-02    0.1498E+01  0.1059E+01      1001
   0.51600   0.61000  -0.06590 -0.1934E-02  0.2866E-02    0.1497E+01  0.1044E+01      1001
   0.51600   0.61200  -0.06590 -0.2493E-02  0.2572E-02    0.1494E+01  0.1042E+01      1001
   0.51600   0.61400  -0.06590 -0.2201E-02  0.2751E-02    0.1489E+01  0.1036E+01      1001
   0.51600   0.61600  -0.06590 -0.2023E-02  0.4263E-02    0.1500E+01  0.1108E+01      1001
   0.51600   0.61800  -0.06590 -0.1255E-02  0.4850E-02    0.1484E+01  0.1055E+01      1001
   0.51600   0.62000  -0.06590 -0.1371E-02  0.4820E-02    0.1470E+01  0.1054E+01      1001
   0.51600   0.62200  -0.06590 -0.1571E-02  0.4823E-02    0.1471E+01  0.1053E+01      1001
   0.51600   0.62400  -0.06590 -0.1286E-02  0.4196E-02    0.1471E+01  0.1059E+01      1001
   0.51600   0.62600  -0.06590 -0.1874E-02  0.4801E-02    0.1472E+01  0.1055E+01      1001
   0.51600   0.62800  -0.06590 -0.1910E-02  0.4715E-02    0.1478E+01  0.1051E+01      1001
   0.51600   0.63000  -0.06590 -0.2023E-02  0.4528E-02    0.1493E+01  0.1051E+01      1001
   0.51600   0.63200  -0.06590 -0.2111E-02  0.4679E-02    0.1493E+01  0.1043E+01      1001
   0.51600   0.63400  -0.06590 -0.2583E-02  0.4734E-02    0.1480E+01  0.1052E+01      1001
   0.51600   0.63600  -0.06590 -0.2469E-02  0.4423E-02    0.1477E+01  0.1055E+01      1001
   0.51600   0.63800  -0.06590 -0.2597E-02  0.3318E-02    0.1487E+01  0.1056E+01      1001
   0.51600   0.64000  -0.06590 -0.4342E-02 -0.1266E-02    0.1469E+01  0.1044E+01      1001
   0.51600   0.64200  -0.06590 -0.2829E-02  0.3967E-02    0.1467E+01  0.1054E+01      1001
   0.51600   0.64400  -0.06590 -0.2926E-02  0.3694E-02    0.1474E+01  0.1059E+01      1001
   0.51600   0.64600  -0.06590 -0.3058E-02  0.3442E-02    0.1480E+01  0.1057E+01      1001
   0.51600   0.64800  -0.06590 -0.3209E-02  0.3376E-02    0.1485E+01  0.1055E+01      1001
   0.51600   0.65000  -0.06590 -0.3636E-02  0.7624E-03    0.1488E+01  0.1068E+01      1001
   0.51600   0.65200  -0.06590 -0.3502E-02  0.2632E-02    0.1490E+01  0.1058E+01      1001
   0.51600   0.65400  -0.06590 -0.3758E-02  0.2335E-02    0.1489E+01  0.1062E+01      1001
   0.51600   0.65600  -0.06590 -0.3637E-02  0.8140E-03    0.1487E+01  0.1069E+01      1001
   0.51600   0.65800  -0.06590 -0.3738E-02  0.5356E-03    0.1482E+01  0.1074E+01      1001
   0.51600   0.66000  -0.06590 -0.4427E-02 -0.3650E-02    0.1505E+01  0.1089E+01      1001
   0.51800   0.50800  -0.06590  0.3467E-02  0.2207E-02    0.1424E+01  0.1220E+01        11
   0.51800   0.51000  -0.06590  0.3430E-02  0.1832E-02    0.1422E+01  0.1260E+01        11
   0.51800   0.51200  -0.06590 -0.4856E-02 -0.2097E-02    0.1535E+01  0.1422E+01        12
   0.51800   0.51400  -0.06590 -0.4828E-02 -0.1623E-02    0.1528E+01  0.1443E+01        12
   0.51800   0.51600  -0.06590  0.3087E-02  0.6323E-02    0.1570E+01  0.1697E+01        22
   0.51800   0.52000  -0.06590  0.3254E-02  0.5049E-02    0.1438E+01  0.1752E+01        22
   0.51800   0.52200  -0.06590  0.3227E-02  0.4298E-02    0.1450E+01  0.1699E+01        22
   0.51800   0.52400  -0.06590  0.3267E-02  0.3533E-02    0.1445E+01  0.1631E+01        22
   0.51800   0.52600  -0.06590  0.3564E-02  0.2733E-03    0.1438E+01  0.1655E+01        24
   0.51800   0.52800  -0.06590 -0.5723E-02  0.5634E-04    0.1431E+01  0.1654E+01       450
   0.51800   0.53000  -0.06590 -0.5817E-02  0.1012E-02    0.1489E+01  0.1449E+01      1001
   0.51800   0.53200  -0.06590  0.4897E-02 -0.3821E-04    0.1461E+01  0.1297E+01      1001
   0.51800   0.53400  -0.06590  0.6410E-03  0.1255E-02    0.1494E+01  0.1180E+01      1001
   0.51800   0.53600  -0.06590 -0.4277E-02 -0.2202E-03    0.1542E+01  0.1152E+01      1001
   0.51800   0.53800  -0.06590 -0.3288E-02 -0.2919E-02    0.1542E+01  0.1117E+01      1001
   0.51800   0.54000  -0.06590 -0.2523E-02 -0.2965E-02    0.1558E+01  0.1113E+01      1001
   0.51800   0.54200  -0.06590 -0.3091E-02 -0.3629E-02    0.1589E+01  0.1194E+01      1001
   0.51800   0.54400  -0.06590 -0.5387E-02 -0.1547E-02    0.1598E+01  0.1326E+01      1001
   0.51800   0.54600  -0.06590  0.4260E-02  0.1439E-02    0.1530E+01  0.1299E+01      1001
   0.51800   0.54800  -0.06590 -0.4890E-02  0.3604E-02    0.1528E+01  0.1157E+01      1001
   0.51800   0.55000  -0.06590  0.5707E-02 -0.1962E-02    0.1666E+01  0.1063E+01      1001
   0.51800   0.55200  -0.06590  0.5781E-03 -0.3645E-02    0.1576E+01  0.1067E+01      1001
   0.51800   0.55400  -0.06590  0.4424E-03 -0.3724E-02    0.1563E+01  0.1044E+01      1001
   0.51800   0.55600  -0.06590  0.5681E-02  0.3832E-03    0.1667E+01  0.1041E+01      1001
   0.51800   0.55800  -0.06590 -0.1273E-02 -0.1158E-02    0.1547E+01  0.1063E+01      1001
   0.51800   0.56000  -0.06590 -0.2584E-02  0.2426E-02    0.1547E+01  0.1442E+01      1001
   0.51800   0.56200  -0.06590 -0.5274E-02  0.2939E-02    0.1555E+01  0.1274E+01      1001
   0.51800   0.56400  -0.06590 -0.5066E-02 -0.1055E-02    0.1563E+01  0.1172E+01      1001
   0.51800   0.56600  -0.06590 -0.3698E-02 -0.4330E-02    0.1561E+01  0.1133E+01      1001
   0.51800   0.56800  -0.06590 -0.4572E-02 -0.4306E-02    0.1546E+01  0.1118E+01      1001
   0.51800   0.57000  -0.06590 -0.3714E-02 -0.4186E-02    0.1544E+01  0.1106E+01      1001
   0.51800   0.57200  -0.06590 -0.3450E-02 -0.4216E-02    0.1543E+01  0.1084E+01      1001
   0.51800   0.57400  -0.06590 -0.2968E-02 -0.4370E-02    0.1528E+01  0.1103E+01      1001
   0.51800   0.57600  -0.06590 -0.3186E-02 -0.3870E-02    0.1545E+01  0.1079E+01      1001
   0.51800   0.57800  -0.06590 -0.2864E-02 -0.3955E-02    0.1546E+01  0.1071E+01      1001
   0.51800   0.58000  -0.06590 -0.1152E-02 -0.2472E-02    0.1551E+01  0.1071E+01      1001
   0.51800   0.58200  -0.06590 -0.3666E-02 -0.3695E-02    0.1536E+01  0.1073E+01      1001
   0.51800   0.58400  -0.06590 -0.2965E-02 -0.4434E-02    0.1549E+01  0.1069E+01      1001
   0.51800   0.58600  -0.06590 -0.2833E-02 -0.4367E-02    0.1536E+01  0.1073E+01      1001
   0.51800   0.58800  -0.06590 -0.2675E-02 -0.4313E-02    0.1544E+01  0.1065E+01      1001
   0.51800   0.59000  -0.06590 -0.2618E-02 -0.4049E-02    0.1548E+01  0.1068E+01      1001
   0.51800   0.59200  -0.06590 -0.2846E-02 -0.2783E-02    0.1540E+01  0.1066E+01      1001
   0.51800   0.59400  -0.06590  0.4204E-03  0.2603E-02    0.1546E+01  0.1064E+01      1001
   0.51800   0.59600  -0.06590 -0.1988E-02 -0.4453E-02    0.1547E+01  0.1056E+01      1001
   0.51800   0.59800  -0.06590 -0.1917E-02 -0.4327E-02    0.1543E+01  0.1062E+01      1001
   0.51800   0.60000  -0.06590 -0.2350E-02 -0.3116E-02    0.1521E+01  0.1056E+01      1001
   0.51800   0.60200  -0.06590 -0.1915E-02 -0.3365E-02    0.1543E+01  0.1058E+01      1001
   0.51800   0.60400  -0.06590 -0.1816E-02 -0.3146E-02    0.1542E+01  0.1050E+01      1001
   0.51800   0.60600  -0.06590 -0.1661E-02 -0.2223E-02    0.1543E+01  0.1052E+01      1001
   0.51800   0.60800  -0.06590 -0.2213E-02 -0.1781E-02    0.1536E+01  0.1057E+01      1001
   0.51800   0.61000  -0.06590 -0.9749E-03 -0.3995E-02    0.1530E+01  0.1044E+01      1001
   0.51800   0.61200  -0.06590 -0.1090E-02 -0.3371E-02    0.1538E+01  0.1041E+01      1001
   0.51800   0.61400  -0.06590 -0.8153E-03 -0.4169E-02    0.1531E+01  0.1042E+01      1001
   0.51800   0.61600  -0.06590 -0.1973E-02  0.4447E-02    0.1559E+01  0.1097E+01      1001
   0.51800   0.61800  -0.06590 -0.1364E-02  0.8854E-03    0.1533E+01  0.1070E+01      1001
   0.51800   0.62000  -0.06590 -0.4680E-03  0.3002E-04    0.1551E+01  0.1060E+01      1001
   0.51800   0.62200  -0.06590 -0.1587E-02  0.5836E-03    0.1539E+01  0.1058E+01      1001
   0.51800   0.62400  -0.06590 -0.1422E-02  0.1278E-02    0.1546E+01  0.1057E+01      1001
   0.51800   0.62600  -0.06590 -0.1024E-02  0.2556E-03    0.1523E+01  0.1058E+01      1001
   0.51800   0.62800  -0.06590 -0.1188E-02  0.1741E-02    0.1545E+01  0.1062E+01      1001
   0.51800   0.63000  -0.06590 -0.1075E-02  0.2373E-02    0.1528E+01  0.1066E+01      1001
   0.51800   0.63200  -0.06590 -0.6107E-03 -0.5962E-03    0.1522E+01  0.1053E+01      1001
   0.51800   0.63400  -0.06590 -0.8522E-03  0.2182E-02    0.1524E+01  0.1063E+01      1001
   0.51800   0.63600  -0.06590 -0.7367E-03  0.2785E-02    0.1524E+01  0.1060E+01      1001
   0.51800   0.63800  -0.06590 -0.6046E-03  0.3014E-02    0.1522E+01  0.1066E+01      1001
   0.51800   0.64000  -0.06590  0.4712E-04 -0.4978E-03    0.1515E+01  0.1071E+01      1001
   0.51800   0.64200  -0.06590 -0.4391E-03  0.3571E-02    0.1534E+01  0.1064E+01      1001
   0.51800   0.64400  -0.06590 -0.2666E-03  0.3837E-02    0.1503E+01  0.1063E+01      1001
   0.51800   0.64600  -0.06590 -0.5514E-03  0.4365E-02    0.1537E+01  0.1071E+01      1001
   0.51800   0.64800  -0.06590 -0.4539E-04  0.4562E-02    0.1530E+01  0.1067E+01      1001
   0.51800   0.65000  -0.06590 -0.3020E-03  0.4206E-02    0.1541E+01  0.1073E+01      1001
   0.51800   0.65200  -0.06590  0.2416E-03  0.4573E-02    0.1530E+01  0.1072E+01      1001
   0.51800   0.65400  -0.06590  0.3738E-03  0.4669E-02    0.1540E+01  0.1070E+01      1001
   0.51800   0.65600  -0.06590  0.7390E-03  0.4627E-02    0.1516E+01  0.1075E+01      1001
   0.51800   0.65800  -0.06590  0.2942E-03  0.4436E-02    0.1536E+01  0.1080E+01      1001
   0.51800   0.66000  -0.06590  0.3176E-03  0.3875E-02    0.1526E+01  0.1085E+01      1001
   0.52000   0.50800  -0.06590 -0.4356E-02 -0.3004E-02    0.1535E+01  0.1316E+01        12
   0.52000   0.51000  -0.06590 -0.4348E-02 -0.2611E-02    0.1528E+01  0.1371E+01        12
   0.52000   0.51200  -0.06590 -0.4330E-02 -0.2171E-02    0.1519E+01  0.1411E+01        12
   0.52000   0.51400  -0.06590 -0.4300E-02 -0.1697E-02    0.1511E+01  0.1433E+01        12
   0.52000   0.51600  -0.06590  0.4851E-02  0.6444E-02    0.1566E+01  0.1720E+01        22
   0.52000   0.51800  -0.06590  0.4695E-02  0.5744E-02    0.1631E+01  0.1602E+01        22
   0.52000   0.52200  -0.06590  0.4777E-02  0.4361E-02    0.1406E+01  0.1730E+01        22
   0.52000   0.52400  -0.06590  0.4722E-02  0.3557E-02    0.1421E+01  0.1649E+01        22
   0.52000   0.52600  -0.06590  0.4873E-02  0.2018E-03    0.1418E+01  0.1679E+01        24
   0.52000   0.52800  -0.06590  0.2213E-02  0.1319E-02    0.1607E+01  0.1698E+01       114
   0.52000   0.53000  -0.06590 -0.2623E-02  0.2874E-02    0.1659E+01  0.1638E+01      1001
   0.52000   0.53200  -0.06590  0.4146E-04 -0.1412E-03    0.1776E+01  0.1369E+01      1001
   0.52000   0.53400  -0.06590  0.5585E-02 -0.8168E-03    0.1600E+01  0.1193E+01      1001
   0.52000   0.53600  -0.06590  0.3306E-02 -0.2158E-02    0.1597E+01  0.1135E+01      1001
   0.52000   0.53800  -0.06590  0.7146E-03 -0.2766E-02    0.1582E+01  0.1132E+01      1001
   0.52000   0.54000  -0.06590  0.3345E-02 -0.3924E-02    0.1565E+01  0.1279E+01      1001
   0.52000   0.54200  -0.06590  0.2082E-02 -0.3062E-02    0.1677E+01  0.1249E+01      1001
   0.52000   0.54400  -0.06590  0.2815E-02 -0.2412E-02    0.1582E+01  0.1177E+01      1001
   0.52000   0.54600  -0.06590  0.2875E-02 -0.2975E-02    0.1581E+01  0.1131E+01      1001
   0.52000   0.54800  -0.06590  0.1982E-02  0.1385E-02    0.1568E+01  0.1128E+01      1001
   0.52000   0.55000  -0.06590  0.4029E-02 -0.4517E-02    0.1670E+01  0.1254E+01      1001
   0.52000   0.55200  -0.06590  0.1438E-02  0.1868E-02    0.1653E+01  0.1073E+01      1001
   0.52000   0.55400  -0.06590  0.4946E-03 -0.2154E-03    0.1656E+01  0.1053E+01      1001
   0.52000   0.55600  -0.06590  0.5421E-02 -0.4288E-02    0.1615E+01  0.1058E+01      1001
   0.52000   0.55800  -0.06590  0.5630E-02 -0.4374E-02    0.1603E+01  0.1068E+01      1001
   0.52000   0.56000  -0.06590 -0.5115E-02  0.4054E-02    0.1587E+01  0.1422E+01      1001
   0.52000   0.56200  -0.06590  0.3399E-02 -0.3128E-02    0.1636E+01  0.1265E+01      1001
   0.52000   0.56400  -0.06590  0.2905E-02 -0.2915E-02    0.1575E+01  0.1195E+01      1001
   0.52000   0.56600  -0.06590  0.2808E-02 -0.4381E-02    0.1567E+01  0.1146E+01      1001
   0.52000   0.56800  -0.06590  0.2468E-02 -0.3899E-02    0.1576E+01  0.1116E+01      1001
   0.52000   0.57000  -0.06590  0.2186E-02 -0.3943E-02    0.1586E+01  0.1110E+01      1001
   0.52000   0.57200  -0.06590  0.8841E-03 -0.2877E-02    0.1570E+01  0.1099E+01      1001
   0.52000   0.57400  -0.06590  0.1831E-02 -0.2800E-02    0.1576E+01  0.1093E+01      1001
   0.52000   0.57600  -0.06590  0.1572E-02 -0.3389E-02    0.1568E+01  0.1083E+01      1001
   0.52000   0.57800  -0.06590  0.1979E-03 -0.4134E-02    0.1576E+01  0.1081E+01      1001
   0.52000   0.58000  -0.06590  0.7299E-05 -0.4284E-02    0.1576E+01  0.1073E+01      1001
   0.52000   0.58200  -0.06590  0.2141E-02 -0.4294E-02    0.1576E+01  0.1073E+01      1001
   0.52000   0.58400  -0.06590  0.5106E-03 -0.4545E-02    0.1540E+01  0.1080E+01      1001
   0.52000   0.58600  -0.06590  0.3012E-03 -0.4425E-02    0.1569E+01  0.1078E+01      1001
   0.52000   0.58800  -0.06590  0.9537E-04 -0.4337E-02    0.1564E+01  0.1076E+01      1001
   0.52000   0.59000  -0.06590 -0.2441E-04 -0.4171E-02    0.1564E+01  0.1072E+01      1001
   0.52000   0.59200  -0.06590 -0.4675E-04 -0.3394E-02    0.1575E+01  0.1065E+01      1001
   0.52000   0.59400  -0.06590  0.3437E-03 -0.7234E-03    0.1564E+01  0.1067E+01      1001
   0.52000   0.59600  -0.06590  0.3579E-03 -0.4549E-02    0.1559E+01  0.1062E+01      1001
   0.52000   0.59800  -0.06590  0.2346E-03 -0.4454E-02    0.1577E+01  0.1067E+01      1001
   0.52000   0.60000  -0.06590 -0.1296E-03 -0.3269E-02    0.1567E+01  0.1056E+01      1001
   0.52000   0.60200  -0.06590 -0.5239E-05 -0.3122E-02    0.1563E+01  0.1054E+01      1001
   0.52000   0.60400  -0.06590 -0.1477E-03 -0.1659E-02    0.1577E+01  0.1063E+01      1001
   0.52000   0.60600  -0.06590  0.5579E-03 -0.3177E-02    0.1570E+01  0.1053E+01      1001
   0.52000   0.60800  -0.06590 -0.1288E-03 -0.2122E-02    0.1570E+01  0.1057E+01      1001
   0.52000   0.61000  -0.06590  0.5193E-02  0.2897E-02    0.1589E+01  0.1054E+01      1001
   0.52000   0.61200  -0.06590  0.6072E-02 -0.4788E-02    0.1567E+01  0.1052E+01      1001
