   0.50000E-03   0.10000E-03   0.50000E-03   0.51847E+00   0.58305E+00   0.10174E+00   0.51885E+00   0.58336E+00   0.10173E+00   0.37989E-03   0.31140E-03  -0.12117E-04
   0.50000E-03   0.10000E-03   0.10000E-02   0.51869E+00   0.58330E+00   0.10161E+00   0.51795E+00   0.58274E+00   0.10162E+00  -0.73877E-03  -0.55522E-03   0.75787E-05
   0.50000E-03   0.10000E-03   0.15000E-02   0.51815E+00   0.58684E+00   0.10141E+00   0.51831E+00   0.58656E+00   0.10140E+00   0.16357E-03  -0.28218E-03  -0.47043E-05
   0.50000E-03   0.20000E-03   0.50000E-03   0.51686E+00   0.59122E+00   0.10176E+00   0.51683E+00   0.59123E+00   0.10177E+00  -0.23182E-04   0.10065E-04   0.15564E-05
   0.50000E-03   0.20000E-03   0.10000E-02   0.51690E+00   0.59122E+00   0.10164E+00   0.51687E+00   0.59122E+00   0.10164E+00  -0.32339E-04   0.32226E-05  -0.31398E-06
   0.50000E-03   0.20000E-03   0.15000E-02   0.51693E+00   0.59119E+00   0.10143E+00   0.51692E+00   0.59120E+00   0.10143E+00  -0.10556E-04   0.11763E-04  -0.80126E-06
   0.50000E-03   0.30000E-03   0.50000E-03   0.51305E+00   0.60504E+00   0.10179E+00   0.51296E+00   0.60520E+00   0.10180E+00  -0.89378E-04   0.15791E-03   0.44355E-05
   0.50000E-03   0.30000E-03   0.10000E-02   0.51309E+00   0.60506E+00   0.10167E+00   0.51291E+00   0.60519E+00   0.10167E+00  -0.17923E-03   0.13486E-03   0.39196E-05
   0.50000E-03   0.30000E-03   0.15000E-02   0.51285E+00   0.60573E+00   0.10146E+00   0.51287E+00   0.60567E+00   0.10146E+00   0.13529E-04  -0.65333E-04  -0.26380E-05
   0.50000E-03   0.40000E-03   0.50000E-03   0.50163E+00   0.62669E+00   0.10184E+00   0.50237E+00   0.62682E+00   0.10184E+00   0.73544E-03   0.13064E-03   0.18920E-05
   0.50000E-03   0.40000E-03   0.10000E-02   0.50853E+00   0.62698E+00   0.10171E+00   0.50591E+00   0.62788E+00   0.10172E+00  -0.26217E-02   0.89047E-03   0.18211E-05
   0.50000E-03   0.40000E-03   0.15000E-02   0.50687E+00   0.62692E+00   0.10150E+00   0.50791E+00   0.62680E+00   0.10150E+00   0.10398E-02  -0.11836E-03  -0.19529E-05
   0.50000E-03   0.50000E-03   0.50000E-03   0.50687E+00   0.62692E+00   0.10150E+00   0.50791E+00   0.62680E+00   0.10150E+00   0.10403E-02  -0.11793E-03  -0.22072E-05
   0.50000E-03   0.50000E-03   0.10000E-02   0.50691E+00   0.62690E+00   0.10151E+00   0.50791E+00   0.62680E+00   0.10150E+00   0.99451E-03  -0.10551E-03  -0.61274E-05
   0.50000E-03   0.50000E-03   0.15000E-02   0.50700E+00   0.62689E+00   0.10150E+00   0.50791E+00   0.62680E+00   0.10150E+00   0.90696E-03  -0.92621E-04  -0.14475E-05
   0.10000E-02   0.10000E-03   0.50000E-03   0.51891E+00   0.58215E+00   0.10175E+00   0.51905E+00   0.58247E+00   0.10174E+00   0.13765E-03   0.32356E-03  -0.90269E-05
   0.10000E-02   0.10000E-03   0.10000E-02   0.51873E+00   0.58236E+00   0.10161E+00   0.51905E+00   0.58328E+00   0.10159E+00   0.31722E-03   0.92121E-03  -0.14141E-04
   0.10000E-02   0.10000E-03   0.15000E-02   0.51780E+00   0.58860E+00   0.10142E+00   0.51895E+00   0.58477E+00   0.10138E+00   0.11581E-02  -0.38319E-02  -0.40895E-04
   0.10000E-02   0.20000E-03   0.50000E-03   0.51687E+00   0.59063E+00   0.10178E+00   0.51685E+00   0.59064E+00   0.10178E+00  -0.22065E-04   0.13386E-04   0.11900E-05
   0.10000E-02   0.20000E-03   0.10000E-02   0.51690E+00   0.59070E+00   0.10164E+00   0.51685E+00   0.59072E+00   0.10164E+00  -0.52839E-04   0.21911E-04  -0.24035E-05
   0.10000E-02   0.20000E-03   0.15000E-02   0.51697E+00   0.59068E+00   0.10142E+00   0.51692E+00   0.59072E+00   0.10142E+00  -0.50587E-04   0.44474E-04  -0.31980E-05
   0.10000E-02   0.30000E-03   0.50000E-03   0.51327E+00   0.60426E+00   0.10179E+00   0.51317E+00   0.60483E+00   0.10180E+00  -0.10261E-03   0.57323E-03   0.61881E-05
   0.10000E-02   0.30000E-03   0.10000E-02   0.51337E+00   0.60411E+00   0.10166E+00   0.51345E+00   0.60352E+00   0.10167E+00   0.79015E-04  -0.58840E-03   0.23704E-05
   0.10000E-02   0.30000E-03   0.15000E-02   0.51334E+00   0.60396E+00   0.10145E+00   0.51307E+00   0.60528E+00   0.10145E+00  -0.26654E-03   0.13200E-02  -0.21775E-06
   0.10000E-02   0.40000E-03   0.50000E-03   0.50687E+00   0.62771E+00   0.10184E+00   0.50639E+00   0.62845E+00   0.10184E+00  -0.48882E-03   0.74709E-03   0.13144E-05
   0.10000E-02   0.40000E-03   0.10000E-02   0.50770E+00   0.62543E+00   0.10171E+00   0.50778E+00   0.62557E+00   0.10171E+00   0.77368E-04   0.14449E-03   0.56183E-05
   0.10000E-02   0.40000E-03   0.15000E-02   0.50776E+00   0.62648E+00   0.10150E+00   0.50764E+00   0.62874E+00   0.10150E+00  -0.12009E-03   0.22585E-02   0.13447E-05
   0.10000E-02   0.50000E-03   0.50000E-03   0.50776E+00   0.62648E+00   0.10150E+00   0.50764E+00   0.62874E+00   0.10150E+00  -0.12012E-03   0.22585E-02   0.12584E-05
   0.10000E-02   0.50000E-03   0.10000E-02   0.50776E+00   0.62648E+00   0.10150E+00   0.50764E+00   0.62874E+00   0.10150E+00  -0.12014E-03   0.22585E-02   0.12998E-05
   0.10000E-02   0.50000E-03   0.15000E-02   0.50776E+00   0.62648E+00   0.10150E+00   0.50764E+00   0.62874E+00   0.10150E+00  -0.12096E-03   0.22565E-02   0.12398E-05
   0.15000E-02   0.10000E-03   0.50000E-03   0.51945E+00   0.58175E+00   0.10172E+00   0.51943E+00   0.58083E+00   0.10173E+00  -0.19546E-04  -0.92064E-03   0.13034E-04
   0.15000E-02   0.10000E-03   0.10000E-02   0.51942E+00   0.58197E+00   0.10160E+00   0.51939E+00   0.58147E+00   0.10161E+00  -0.35459E-04  -0.49669E-03   0.33589E-05
   0.15000E-02   0.10000E-03   0.15000E-02   0.51836E+00   0.58852E+00   0.10138E+00   0.51896E+00   0.58638E+00   0.10137E+00   0.59937E-03  -0.21382E-02  -0.11373E-04
   0.15000E-02   0.20000E-03   0.50000E-03   0.51721E+00   0.58954E+00   0.10178E+00   0.51729E+00   0.58925E+00   0.10176E+00   0.76209E-04  -0.28886E-03  -0.21279E-04
   0.15000E-02   0.20000E-03   0.10000E-02   0.51714E+00   0.58977E+00   0.10165E+00   0.51720E+00   0.58966E+00   0.10165E+00   0.57518E-04  -0.10702E-03  -0.24923E-05
   0.15000E-02   0.20000E-03   0.15000E-02   0.51716E+00   0.58980E+00   0.10143E+00   0.51715E+00   0.58985E+00   0.10143E+00  -0.10475E-04   0.46594E-04  -0.38453E-08
   0.15000E-02   0.30000E-03   0.50000E-03   0.51378E+00   0.60328E+00   0.10178E+00   0.51381E+00   0.60315E+00   0.10178E+00   0.29056E-04  -0.13189E-03  -0.92077E-06
   0.15000E-02   0.30000E-03   0.10000E-02   0.51374E+00   0.60349E+00   0.10167E+00   0.51380E+00   0.60326E+00   0.10166E+00   0.66575E-04  -0.23788E-03  -0.34319E-06
   0.15000E-02   0.30000E-03   0.15000E-02   0.51377E+00   0.60352E+00   0.10144E+00   0.51369E+00   0.60389E+00   0.10144E+00  -0.84465E-04   0.36612E-03   0.10044E-05
   0.15000E-02   0.40000E-03   0.50000E-03   0.50783E+00   0.62724E+00   0.10183E+00   0.50735E+00   0.62881E+00   0.10184E+00  -0.48256E-03   0.15666E-02   0.16390E-04
   0.15000E-02   0.40000E-03   0.10000E-02   0.50969E+00   0.62220E+00   0.10171E+00   0.50846E+00   0.62580E+00   0.10171E+00  -0.12383E-02   0.35993E-02   0.15491E-05
   0.15000E-02   0.40000E-03   0.15000E-02   0.50743E+00   0.63330E+00   0.10150E+00   0.50758E+00   0.62846E+00   0.10149E+00   0.15245E-03  -0.48435E-02  -0.99202E-05
   0.15000E-02   0.50000E-03   0.50000E-03   0.50743E+00   0.63330E+00   0.10150E+00   0.50758E+00   0.62846E+00   0.10149E+00   0.15244E-03  -0.48436E-02  -0.99445E-05
   0.15000E-02   0.50000E-03   0.10000E-02   0.50743E+00   0.63330E+00   0.10150E+00   0.50758E+00   0.62846E+00   0.10149E+00   0.15244E-03  -0.48436E-02  -0.99326E-05
   0.15000E-02   0.50000E-03   0.15000E-02   0.50743E+00   0.63330E+00   0.10150E+00   0.50758E+00   0.62846E+00   0.10149E+00   0.15244E-03  -0.48436E-02  -0.99204E-05
   0.20000E-02   0.10000E-03   0.50000E-03   0.52031E+00   0.57930E+00   0.10172E+00   0.52031E+00   0.57939E+00   0.10172E+00   0.83201E-07   0.94928E-04  -0.31400E-05
   0.20000E-02   0.10000E-03   0.10000E-02   0.52031E+00   0.57982E+00   0.10159E+00   0.52030E+00   0.57995E+00   0.10159E+00  -0.16940E-05   0.12410E-03  -0.33618E-05
   0.20000E-02   0.10000E-03   0.15000E-02   0.52030E+00   0.58050E+00   0.10137E+00   0.52030E+00   0.58016E+00   0.10138E+00   0.67320E-05  -0.33267E-03   0.53624E-05
   0.20000E-02   0.20000E-03   0.50000E-03   0.51829E+00   0.58693E+00   0.10159E+00   0.51805E+00   0.58811E+00   0.10179E+00  -0.23786E-03   0.11737E-02   0.20129E-03
   0.20000E-02   0.20000E-03   0.10000E-02   0.51881E+00   0.58677E+00   0.10155E+00   0.51819E+00   0.58821E+00   0.10162E+00  -0.61669E-03   0.14324E-02   0.72632E-04
   0.20000E-02   0.20000E-03   0.15000E-02   0.51895E+00   0.58526E+00   0.10137E+00   0.51823E+00   0.58869E+00   0.10144E+00  -0.71833E-03   0.34385E-02   0.66048E-04
   0.20000E-02   0.30000E-03   0.50000E-03   0.51488E+00   0.60186E+00   0.10176E+00   0.51463E+00   0.60197E+00   0.10175E+00  -0.25325E-03   0.11430E-03  -0.48219E-05
   0.20000E-02   0.30000E-03   0.10000E-02   0.51423E+00   0.60326E+00   0.10164E+00   0.51432E+00   0.60286E+00   0.10163E+00   0.83090E-04  -0.40526E-03  -0.70452E-05
   0.20000E-02   0.30000E-03   0.15000E-02   0.51504E+00   0.60067E+00   0.10144E+00   0.51450E+00   0.60209E+00   0.10146E+00  -0.53975E-03   0.14181E-02   0.15512E-04
   0.20000E-02   0.40000E-03   0.50000E-03   0.50871E+00   0.62570E+00   0.10180E+00   0.50804E+00   0.62860E+00   0.10182E+00  -0.66728E-03   0.29031E-02   0.24074E-04
   0.20000E-02   0.40000E-03   0.10000E-02   0.50792E+00   0.62527E+00   0.10172E+00   0.50857E+00   0.62883E+00   0.10170E+00   0.64560E-03   0.35549E-02  -0.12109E-04
   0.20000E-02   0.40000E-03   0.15000E-02   0.51155E+00   0.62437E+00   0.10158E+00   0.50857E+00   0.62883E+00   0.10170E+00  -0.29869E-02   0.44521E-02   0.12162E-03
   0.20000E-02   0.50000E-03   0.50000E-03   0.51155E+00   0.62437E+00   0.10158E+00   0.50857E+00   0.62883E+00   0.10170E+00  -0.29869E-02   0.44520E-02   0.12159E-03
   0.20000E-02   0.50000E-03   0.10000E-02   0.51155E+00   0.62437E+00   0.10158E+00   0.50857E+00   0.62883E+00   0.10170E+00  -0.29869E-02   0.44520E-02   0.12161E-03
   0.20000E-02   0.50000E-03   0.15000E-02   0.51155E+00   0.62437E+00   0.10158E+00   0.50857E+00   0.62883E+00   0.10170E+00  -0.29869E-02   0.44520E-02   0.12162E-03
   0.25000E-02   0.10000E-03   0.50000E-03   0.52105E+00   0.57748E+00   0.10170E+00   0.52106E+00   0.57748E+00   0.10171E+00   0.85421E-05  -0.32651E-05   0.23061E-05
   0.25000E-02   0.10000E-03   0.10000E-02   0.52103E+00   0.57754E+00   0.10158E+00   0.52105E+00   0.57761E+00   0.10158E+00   0.13716E-04   0.68356E-04   0.16905E-05
   0.25000E-02   0.10000E-03   0.15000E-02   0.52103E+00   0.57715E+00   0.10137E+00   0.52105E+00   0.57736E+00   0.10137E+00   0.17740E-04   0.21679E-03   0.22607E-05
   0.25000E-02   0.20000E-03   0.50000E-03   0.51910E+00   0.58589E+00   0.10157E+00   0.51914E+00   0.58463E+00   0.10149E+00   0.44612E-04  -0.12572E-02  -0.78407E-04
   0.25000E-02   0.20000E-03   0.10000E-02   0.51949E+00   0.58269E+00   0.10158E+00   0.51927E+00   0.58630E+00   0.10158E+00  -0.21538E-03   0.36165E-02   0.27280E-05
   0.25000E-02   0.20000E-03   0.15000E-02   0.51971E+00   0.58094E+00   0.10140E+00   0.51858E+00   0.58829E+00   0.10145E+00  -0.11301E-02   0.73527E-02   0.47711E-04
   0.25000E-02   0.30000E-03   0.50000E-03   0.51526E+00   0.60021E+00   0.10177E+00   0.51530E+00   0.60009E+00   0.10177E+00   0.42512E-04  -0.11866E-03  -0.12819E-05
   0.25000E-02   0.30000E-03   0.10000E-02   0.51557E+00   0.59862E+00   0.10164E+00   0.51585E+00   0.59778E+00   0.10165E+00   0.28051E-03  -0.83910E-03   0.21917E-05
   0.25000E-02   0.30000E-03   0.15000E-02   0.51427E+00   0.60623E+00   0.10144E+00   0.51350E+00   0.60799E+00   0.10144E+00  -0.76628E-03   0.17599E-02  -0.39323E-05
   0.25000E-02   0.40000E-03   0.50000E-03   0.50902E+00   0.63718E+00   0.10185E+00   0.50871E+00   0.63296E+00   0.10183E+00  -0.31300E-03  -0.42160E-02  -0.19582E-04
   0.25000E-02   0.40000E-03   0.10000E-02   0.51016E+00   0.62294E+00   0.10168E+00   0.50805E+00   0.62926E+00   0.10170E+00  -0.21068E-02   0.63111E-02   0.21187E-04
   0.25000E-02   0.40000E-03   0.15000E-02   0.50787E+00   0.64075E+00   0.10148E+00   0.50849E+00   0.64096E+00   0.10148E+00   0.62514E-03   0.20179E-03  -0.38684E-05
   0.25000E-02   0.50000E-03   0.50000E-03   0.50787E+00   0.64075E+00   0.10148E+00   0.50849E+00   0.64096E+00   0.10148E+00   0.62515E-03   0.20172E-03  -0.38927E-05
   0.25000E-02   0.50000E-03   0.10000E-02   0.50787E+00   0.64075E+00   0.10148E+00   0.50849E+00   0.64096E+00   0.10148E+00   0.62515E-03   0.20172E-03  -0.38811E-05
   0.25000E-02   0.50000E-03   0.15000E-02   0.50787E+00   0.64075E+00   0.10148E+00   0.50849E+00   0.64096E+00   0.10148E+00   0.62515E-03   0.20172E-03  -0.38691E-05
   0.30000E-02   0.10000E-03   0.50000E-03   0.52227E+00   0.57437E+00   0.10169E+00   0.52227E+00   0.57437E+00   0.10170E+00   0.30105E-05   0.58505E-06   0.50290E-05
   0.30000E-02   0.10000E-03   0.10000E-02   0.52226E+00   0.57445E+00   0.10157E+00   0.52226E+00   0.57448E+00   0.10157E+00   0.10009E-05   0.29991E-04   0.13656E-05
   0.30000E-02   0.10000E-03   0.15000E-02   0.52227E+00   0.57451E+00   0.10136E+00   0.52228E+00   0.57447E+00   0.10137E+00   0.90840E-05  -0.42331E-04   0.17783E-05
   0.30000E-02   0.20000E-03   0.50000E-03   0.51924E+00   0.58684E+00   0.10153E+00   0.51890E+00   0.58805E+00   0.10167E+00  -0.34002E-03   0.12134E-02   0.13841E-03
   0.30000E-02   0.20000E-03   0.10000E-02   0.52026E+00   0.58072E+00   0.10157E+00   0.51903E+00   0.58799E+00   0.10167E+00  -0.12326E-02   0.72613E-02   0.92010E-04
   0.30000E-02   0.20000E-03   0.15000E-02   0.52017E+00   0.58616E+00   0.10139E+00   0.52013E+00   0.58589E+00   0.10139E+00  -0.36629E-04  -0.27469E-03   0.17653E-06
   0.30000E-02   0.30000E-03   0.50000E-03   0.51643E+00   0.59800E+00   0.10174E+00   0.51610E+00   0.59880E+00   0.10176E+00  -0.33472E-03   0.79115E-03   0.15476E-04
   0.30000E-02   0.30000E-03   0.10000E-02   0.51622E+00   0.59935E+00   0.10163E+00   0.51553E+00   0.60191E+00   0.10161E+00  -0.68920E-03   0.25622E-02  -0.19899E-04
   0.30000E-02   0.30000E-03   0.15000E-02   0.51705E+00   0.59509E+00   0.10142E+00   0.51681E+00   0.59720E+00   0.10141E+00  -0.24716E-03   0.21120E-02  -0.56778E-05
   0.30000E-02   0.40000E-03   0.50000E-03   0.51737E+00   0.59542E+00   0.10165E+00   0.51681E+00   0.59720E+00   0.10141E+00  -0.56530E-03   0.17758E-02  -0.23193E-03
   0.30000E-02   0.40000E-03   0.10000E-02   0.50994E+00   0.63171E+00   0.10170E+00   0.51694E+00   0.59655E+00   0.10123E+00   0.69940E-02  -0.35162E-01  -0.47051E-03
   0.30000E-02   0.40000E-03   0.15000E-02   0.51206E+00   0.63950E+00   0.10178E+00   0.51694E+00   0.59655E+00   0.10123E+00   0.48824E-02  -0.42951E-01  -0.55042E-03
   0.30000E-02   0.50000E-03   0.50000E-03   0.51206E+00   0.63950E+00   0.10178E+00   0.51694E+00   0.59655E+00   0.10123E+00   0.48824E-02  -0.42951E-01  -0.55043E-03
   0.30000E-02   0.50000E-03   0.10000E-02   0.51206E+00   0.63950E+00   0.10178E+00   0.51694E+00   0.59655E+00   0.10123E+00   0.48824E-02  -0.42951E-01  -0.55042E-03
   0.30000E-02   0.50000E-03   0.15000E-02   0.51206E+00   0.63950E+00   0.10178E+00   0.51694E+00   0.59655E+00   0.10123E+00   0.48824E-02  -0.42951E-01  -0.55042E-03
   0.35000E-02   0.10000E-03   0.50000E-03   0.52331E+00   0.57149E+00   0.10168E+00   0.52331E+00   0.57154E+00   0.10169E+00   0.31017E-05   0.50674E-04   0.35518E-05
   0.35000E-02   0.10000E-03   0.10000E-02   0.52323E+00   0.57171E+00   0.10156E+00   0.52324E+00   0.57161E+00   0.10156E+00   0.95422E-05  -0.10139E-03   0.83291E-06
   0.35000E-02   0.10000E-03   0.15000E-02   0.52315E+00   0.57201E+00   0.10135E+00   0.52311E+00   0.57213E+00   0.10135E+00  -0.37778E-04   0.12459E-03   0.50852E-06
   0.35000E-02   0.20000E-03   0.50000E-03   0.52133E+00   0.57864E+00   0.10165E+00   0.52104E+00   0.58087E+00   0.10155E+00  -0.29050E-03   0.22346E-02  -0.10775E-03
   0.35000E-02   0.20000E-03   0.10000E-02   0.52139E+00   0.57894E+00   0.10154E+00   0.52012E+00   0.58837E+00   0.10166E+00  -0.12766E-02   0.94343E-02   0.11406E-03
   0.35000E-02   0.20000E-03   0.15000E-02   0.52141E+00   0.57892E+00   0.10134E+00   0.52005E+00   0.58841E+00   0.10206E+00  -0.13658E-02   0.94974E-02   0.71868E-03
   0.35000E-02   0.30000E-03   0.50000E-03   0.51727E+00   0.59591E+00   0.10175E+00   0.51724E+00   0.59623E+00   0.10175E+00  -0.35278E-04   0.31481E-03  -0.48212E-05
   0.35000E-02   0.30000E-03   0.10000E-02   0.51730E+00   0.59588E+00   0.10162E+00   0.51743E+00   0.59522E+00   0.10162E+00   0.12873E-03  -0.66105E-03   0.45056E-05
   0.35000E-02   0.30000E-03   0.15000E-02   0.51776E+00   0.59448E+00   0.10139E+00   0.51707E+00   0.59841E+00   0.10140E+00  -0.68697E-03   0.39327E-02   0.91662E-05
   0.35000E-02   0.40000E-03   0.50000E-03   0.51776E+00   0.59448E+00   0.10139E+00   0.51707E+00   0.59841E+00   0.10140E+00  -0.68697E-03   0.39328E-02   0.90982E-05
   0.35000E-02   0.40000E-03   0.10000E-02   0.51776E+00   0.59448E+00   0.10139E+00   0.51707E+00   0.59841E+00   0.10140E+00  -0.68697E-03   0.39328E-02   0.91311E-05
   0.35000E-02   0.40000E-03   0.15000E-02   0.51776E+00   0.59448E+00   0.10139E+00   0.51707E+00   0.59841E+00   0.10140E+00  -0.68697E-03   0.39328E-02   0.91651E-05
   0.35000E-02   0.50000E-03   0.50000E-03   0.51776E+00   0.59448E+00   0.10139E+00   0.51707E+00   0.59841E+00   0.10140E+00  -0.68697E-03   0.39328E-02   0.91626E-05
   0.35000E-02   0.50000E-03   0.10000E-02   0.51776E+00   0.59448E+00   0.10139E+00   0.51707E+00   0.59841E+00   0.10140E+00  -0.68697E-03   0.39328E-02   0.91638E-05
   0.35000E-02   0.50000E-03   0.15000E-02   0.51776E+00   0.59448E+00   0.10139E+00   0.51707E+00   0.59841E+00   0.10140E+00  -0.68697E-03   0.39328E-02   0.91651E-05
