  exact_bend_coef_struct(1, -0.01, 0.01, &
    0, [0.0_rp, 0.0_rp, 0.0_rp, 0.0_rp, 0.0_rp, 0.0_rp, 0.0_rp, 0.0_rp, 0.0_rp, 0.0_rp, 0.0_rp, 0.0_rp], &
    1, [1.0_rp, 0.0_rp, 0.0_rp, 0.0_rp, 0.0_rp, 0.0_rp, 0.0_rp, 0.0_rp, 0.0_rp, 0.0_rp, 0.0_rp], &
    4, [1.0_rp, 0.83333333333333_rp, 0.066666666666667_rp, -0.0055555555555556_rp, 0.0_rp, 0.0_rp, 0.0_rp, 0.0_rp], &
    3, [1.0_rp, 1.3333333333333_rp, 0.4_rp, 0.0_rp, 0.0_rp, 0.0_rp, 0.0_rp, 0.0_rp, 0.0_rp]), &
  exact_bend_coef_struct(2, -0.0224, 0.0316, &
    2, [-0.5_rp, 0.5_rp, 0.0_rp, 0.0_rp, 0.0_rp, 0.0_rp, 0.0_rp, 0.0_rp, 0.0_rp, 0.0_rp, 0.0_rp, 0.0_rp], &
    1, [-1.0_rp, 0.0_rp, 0.0_rp, 0.0_rp, 0.0_rp, 0.0_rp, 0.0_rp, 0.0_rp, 0.0_rp, 0.0_rp, 0.0_rp], &
    5, [1.0_rp, 1.1666666666667_rp, 0.28571428571429_rp, -0.0035714285714286_rp, 0.0005952380952381_rp, 0.0_rp, 0.0_rp, 0.0_rp], &
    3, [1.0_rp, 1.5_rp, 0.53571428571429_rp, 0.0_rp, 0.0_rp, 0.0_rp, 0.0_rp, 0.0_rp, 0.0_rp]), &
  exact_bend_coef_struct(3, -0.0794, 0.1, &
    2, [1.5_rp, -1.5_rp, 0.0_rp, 0.0_rp, 0.0_rp, 0.0_rp, 0.0_rp, 0.0_rp, 0.0_rp, 0.0_rp, 0.0_rp, 0.0_rp], &
    2, [1.5_rp, 1.5_rp, 0.0_rp, 0.0_rp, 0.0_rp, 0.0_rp, 0.0_rp, 0.0_rp, 0.0_rp, 0.0_rp, 0.0_rp], &
    5, [1.0_rp, 1.3834196891192_rp, 0.48255613126079_rp, 0.022366148531952_rp, -0.0010270170244264_rp, 0.0_rp, 0.0_rp, 0.0_rp], &
    4, [1.0_rp, 1.8834196891192_rp, 1.0742659758204_rp, 0.17530224525043_rp, 0.0_rp, 0.0_rp, 0.0_rp, 0.0_rp, 0.0_rp]), &
  exact_bend_coef_struct(4, -0.15, 0.178, &
    3, [-1.875_rp, 1.5_rp, 0.375_rp, 0.0_rp, 0.0_rp, 0.0_rp, 0.0_rp, 0.0_rp, 0.0_rp, 0.0_rp, 0.0_rp, 0.0_rp], &
    2, [-1.5_rp, -3.0_rp, 0.0_rp, 0.0_rp, 0.0_rp, 0.0_rp, 0.0_rp, 0.0_rp, 0.0_rp, 0.0_rp, 0.0_rp], &
    5, [1.0_rp, 1.9565979090138_rp, 1.267864573968_rp, 0.30992013543582_rp, 0.023174683703788_rp, 0.0_rp, 0.0_rp, 0.0_rp], &
    5, [1.0_rp, 2.3565979090138_rp, 1.9105037375735_rp, 0.60999940061822_rp, 0.060982814868093_rp, 0.0_rp, 0.0_rp, 0.0_rp, 0.0_rp]), &
  exact_bend_coef_struct(5, -0.219, 0.251, &
    3, [2.8125_rp, 0.0_rp, -2.8125_rp, 0.0_rp, 0.0_rp, 0.0_rp, 0.0_rp, 0.0_rp, 0.0_rp, 0.0_rp, 0.0_rp, 0.0_rp], &
    3, [1.875_rp, 7.5_rp, 1.875_rp, 0.0_rp, 0.0_rp, 0.0_rp, 0.0_rp, 0.0_rp, 0.0_rp, 0.0_rp, 0.0_rp], &
    5, [1.0_rp, 2.0_rp, 1.3133394383394_rp, 0.31333943833944_rp, 0.019614644614645_rp, 0.0_rp, 0.0_rp, 0.0_rp], &
    6, [1.0_rp, 2.5_rp, 2.2061965811966_rp, 0.80929487179487_rp, 0.10954901579902_rp, 0.0032253626003626_rp, 0.0_rp, 0.0_rp, 0.0_rp]), &
  exact_bend_coef_struct(6, -0.282, 0.316, &
    4, [-3.125_rp, -2.8125_rp, 5.625_rp, 0.3125_rp, 0.0_rp, 0.0_rp, 0.0_rp, 0.0_rp, 0.0_rp, 0.0_rp, 0.0_rp, 0.0_rp], &
    3, [-1.875_rp, -11.25_rp, -5.625_rp, 0.0_rp, 0.0_rp, 0.0_rp, 0.0_rp, 0.0_rp, 0.0_rp, 0.0_rp, 0.0_rp], &
    6, [1.0_rp, 2.4187964980921_rp, 2.1040382083956_rp, 0.79642117021259_rp, 0.1255086337457_rp, 0.0062963159736057_rp, 0.0_rp, 0.0_rp], &
    6, [1.0_rp, 2.8473679266635_rp, 3.0029101769656_rp, 1.4300620315322_rp, 0.29569616640861_rp, 0.019880608705292_rp, 0.0_rp, 0.0_rp, 0.0_rp]), &
  exact_bend_coef_struct(7, -0.338, 0.373, &
    4, [4.0104166666667_rp, 9.84375_rp, -9.84375_rp, -4.0104166666667_rp, 0.0_rp, 0.0_rp, 0.0_rp, 0.0_rp, 0.0_rp, 0.0_rp, 0.0_rp, 0.0_rp], &
    4, [2.1875_rp, 19.6875_rp, 19.6875_rp, 2.1875_rp, 0.0_rp, 0.0_rp, 0.0_rp, 0.0_rp, 0.0_rp, 0.0_rp, 0.0_rp], &
    6, [1.0_rp, 2.5_rp, 2.2514276625317_rp, 0.87714149379762_rp, 0.13753081472819_rp, 0.0059084917311593_rp, 0.0_rp, 0.0_rp], &
    7, [1.0_rp, 3.0_rp, 3.3903165514206_rp, 1.7806331028413_rp, 0.43046032864087_rp, 0.040143777220235_rp, 0.00082665505743365_rp, 0.0_rp, 0.0_rp]), &
  exact_bend_coef_struct(8, -0.387, 0.422, &
    5, [-4.2838541666667_rp, -17.5_rp, 9.84375_rp, 11.666666666667_rp, 0.2734375_rp, 0.0_rp, 0.0_rp, 0.0_rp, 0.0_rp, 0.0_rp, 0.0_rp, 0.0_rp], &
    4, [-2.1875_rp, -26.25_rp, -39.375_rp, -8.75_rp, 0.0_rp, 0.0_rp, 0.0_rp, 0.0_rp, 0.0_rp, 0.0_rp, 0.0_rp], &
    6, [1.0_rp, 2.5610637208739_rp, 2.3919099978286_rp, 0.98937170028964_rp, 0.17357822943969_rp, 0.0096995892929036_rp, 0.0_rp, 0.0_rp], &
    7, [1.0_rp, 3.0055081653184_rp, 3.3943580713034_rp, 1.7688665051567_rp, 0.41438661668697_rp, 0.033650020420609_rp, 0.000050495737648433_rp, 0.0_rp, 0.0_rp]), &
  exact_bend_coef_struct(9, -0.43, 0.464, &
    5, [5.126953125_rp, 32.8125_rp, 0.0_rp, -32.8125_rp, -5.126953125_rp, 0.0_rp, 0.0_rp, 0.0_rp, 0.0_rp, 0.0_rp, 0.0_rp, 0.0_rp], &
    5, [2.4609375_rp, 39.375_rp, 88.59375_rp, 39.375_rp, 2.4609375_rp, 0.0_rp, 0.0_rp, 0.0_rp, 0.0_rp, 0.0_rp, 0.0_rp], &
    7, [1.0_rp, 2.733043364401_rp, 2.7718291902232_rp, 1.2772433471491_rp, 0.25997188487676_rp, 0.018326394926351_rp, 0.00013278743887644_rp, 0.0_rp], &
    7, [1.0_rp, 3.233043364401_rp, 4.0247145087873_rp, 2.4094030144879_rp, 0.70373582351232_rp, 0.088893885031519_rp, 0.0033132610003509_rp, 0.0_rp, 0.0_rp]), &
  exact_bend_coef_struct(10, -0.468, 0.501, &
    6, [-5.373046875_rp, -47.16796875_rp, -24.609375_rp, 57.421875_rp, 19.482421875_rp, 0.24609375_rp, 0.0_rp, 0.0_rp, 0.0_rp, 0.0_rp, 0.0_rp, 0.0_rp], &
    5, [-2.4609375_rp, -49.21875_rp, -147.65625_rp, -98.4375_rp, -12.3046875_rp, 0.0_rp, 0.0_rp, 0.0_rp, 0.0_rp, 0.0_rp, 0.0_rp], &
    7, [1.0_rp, 2.8752528324977_rp, 3.1372522022764_rp, 1.6195427416905_rp, 0.40170620422812_rp, 0.04303954725897_rp, 0.0014669363563495_rp, 0.0_rp], &
    7, [1.0_rp, 3.3297982870431_rp, 4.309887787296_rp, 2.7231444177806_rp, 0.86124668679305_rp, 0.12371395040216_rp, 0.0058577600405354_rp, 0.0_rp, 0.0_rp]), &
  exact_bend_coef_struct(11, -0.501, 0.534, &
    6, [6.1810546875_rp, 73.3154296875_rp, 90.234375_rp, -90.234375_rp, -73.3154296875_rp, -6.1810546875_rp, 0.0_rp, 0.0_rp, 0.0_rp, 0.0_rp, 0.0_rp, 0.0_rp], &
    6, [2.70703125_rp, 67.67578125_rp, 270.703125_rp, 270.703125_rp, 67.67578125_rp, 2.70703125_rp, 0.0_rp, 0.0_rp, 0.0_rp, 0.0_rp, 0.0_rp], &
    7, [1.0_rp, 2.7333931468221_rp, 2.7730902668328_rp, 1.2786959487213_rp, 0.26066077963333_rp, 0.018454839938474_rp, 0.00013857880170088_rp, 0.0_rp], &
    7, [1.0_rp, 3.2333931468221_rp, 4.0244022248592_rp, 2.407541872889_rp, 0.70200770652817_rp, 0.088320424888959_rp, 0.0032543708103201_rp, 0.0_rp, 0.0_rp]), &
  exact_bend_coef_struct(12, -0.531, 0.562, &
    7, [-6.406640625_rp, -96.099609375_rp, -186.1083984375_rp, 90.234375_rp, 169.189453125_rp, 28.965234375_rp, 0.2255859375_rp, 0.0_rp, 0.0_rp, 0.0_rp, 0.0_rp, 0.0_rp], &
    6, [-2.70703125_rp, -81.2109375_rp, -406.0546875_rp, -541.40625_rp, -203.02734375_rp, -16.2421875_rp, 0.0_rp, 0.0_rp, 0.0_rp, 0.0_rp, 0.0_rp], &
    7, [1.0_rp, 3.0448349228732_rp, 3.5652325648319_rp, 2.0107624226303_rp, 0.5581463905672_rp, 0.068912599775289_rp, 0.0027503351125044_rp, 0.0_rp], &
    8, [1.0_rp, 3.5063733844117_rp, 4.8374048960989_rp, 3.3142815877642_rp, 1.1661040072182_rp, 0.19412177384366_rp, 0.011475769024855_rp, 0.000014175308484462_rp, 0.0_rp]), &
  exact_bend_coef_struct(13, -0.557, 0.588, &
    7, [7.184912109375_rp, 135.4869140625_rp, 384.90600585937_rp, 0.0_rp, -384.90600585937_rp, -135.4869140625_rp, -7.184912109375_rp, 0.0_rp, 0.0_rp, 0.0_rp, 0.0_rp, 0.0_rp], &
    7, [2.9326171875_rp, 105.57421875_rp, 659.8388671875_rp, 1173.046875_rp, 659.8388671875_rp, 105.57421875_rp, 2.9326171875_rp, 0.0_rp, 0.0_rp, 0.0_rp, 0.0_rp], &
    7, [1.0_rp, 3.0_rp, 3.4398700386372_rp, 1.8797400772743_rp, 0.49529660107961_rp, 0.055426562442451_rp, 0.0017537166619788_rp, 0.0_rp], &
    8, [1.0_rp, 3.5_rp, 4.8232033719705_rp, 3.3080084299262_rp, 1.1727046776928_rp, 0.20104858661291_rp, 0.013546152700783_rp, 0.00019859291244789_rp, 0.0_rp]), &
  exact_bend_coef_struct(14, -0.518, 0.611, &
    8, [-7.394384765625_rp, -168.3322265625_rp, -631.24584960937_rp, -256.60400390625_rp, 641.51000976562_rp, 381.8267578125_rp, 40.030224609375_rp, 0.20947265625_rp, 0.0_rp, 0.0_rp, 0.0_rp, 0.0_rp], &
    7, [-2.9326171875_rp, -123.169921875_rp, -923.7744140625_rp, -2052.83203125_rp, -1539.6240234375_rp, -369.509765625_rp, -20.5283203125_rp, 0.0_rp, 0.0_rp, 0.0_rp, 0.0_rp], &
    7, [1.0_rp, 3.034629705342_rp, 3.5369070660493_rp, 1.9813638048949_rp, 0.54414752125926_rp, 0.065935628026009_rp, 0.0025331166641352_rp, 0.0_rp], &
    8, [1.0_rp, 3.5012963720087_rp, 4.8208453729867_rp, 3.2938732095366_rp, 1.154415151606_rp, 0.19109330453762_rp, 0.011210062927602_rp, 0.000016581712694799_rp, 0.0_rp]), &
  exact_bend_coef_struct(15, -0.541, 0.631, &
    8, [8.1469900948661_rp, 223.24548339844_rp, 1085.4349365234_rp, 962.26501464844_rp, -962.26501464844_rp, -1085.4349365234_rp, -223.24548339844_rp, -8.1469900948661_rp, 0.0_rp, 0.0_rp, 0.0_rp, 0.0_rp], &
    8, [3.14208984375_rp, 153.96240234375_rp, 1385.6616210938_rp, 3849.0600585937_rp, 3849.0600585937_rp, 1385.6616210938_rp, 153.96240234375_rp, 3.14208984375_rp, 0.0_rp, 0.0_rp, 0.0_rp], &
    7, [1.0_rp, 3.0_rp, 3.4400585392107_rp, 1.8801170784215_rp, 0.49556813038953_rp, 0.055509591178792_rp, 0.0017626354878635_rp, 0.0_rp], &
    8, [1.0_rp, 3.5_rp, 4.8224114803872_rp, 3.306028700968_rp, 1.1709157214433_rp, 0.20034488119687_rp, 0.013433848489043_rp, 0.00019373407731112_rp, 0.0_rp]), &
  exact_bend_coef_struct(16, -0.562, 0.649, &
    9, [-8.3433707101004_rp, -267.7060546875_rp, -1601.208984375_rp, -2155.4736328125_rp, 962.26501464844_rp, 2278.6435546875_rp, 739.01953125_rp, 52.607561383929_rp, 0.19638061523438_rp, 0.0_rp, 0.0_rp, 0.0_rp], &
    8, [-3.14208984375_rp, -175.95703125_rp, -1847.548828125_rp, -6158.49609375_rp, -7698.1201171875_rp, -3695.09765625_rp, -615.849609375_rp, -25.13671875_rp, 0.0_rp, 0.0_rp, 0.0_rp], &
    7, [1.0_rp, 3.0267474784445_rp, 3.5150700003594_rp, 1.9587569664169_rp, 0.53342251019288_rp, 0.063667813336172_rp, 0.0023691677567435_rp, 0.0_rp], &
    8, [1.0_rp, 3.4973357137386_rp, 4.8079338656481_rp, 3.2779819701702_rp, 1.1453369246616_rp, 0.18875391331486_rp, 0.011008376720253_rp, 0.000018907401960289_rp, 0.0_rp]), &
  exact_bend_coef_struct(17, -0.582, 0.666, &
    9, [9.0734857831682_rp, 340.33321707589_rp, 2486.4927978516_rp, 4711.2495117188_rp, 0.0_rp, -4711.2495117188_rp, -2486.4927978516_rp, -340.33321707589_rp, -9.0734857831682_rp, 0.0_rp, 0.0_rp, 0.0_rp], &
    9, [3.3384704589844_rp, 213.662109375_rp, 2617.3608398437_rp, 10469.443359375_rp, 16358.505249023_rp, 10469.443359375_rp, 2617.3608398437_rp, 213.662109375_rp, 3.3384704589844_rp, 0.0_rp, 0.0_rp], &
    7, [1.0_rp, 3.2157192672142_rp, 4.0246058913212_rp, 2.4656382544766_rp, 0.7600290519396_rp, 0.10732582666566_rp, 0.0050545105774104_rp, 0.0_rp], &
    9, [1.0_rp, 3.7157192672142_rp, 5.5140444722967_rp, 4.1563428658619_rp, 1.6699262094031_rp, 0.34103513472824_rp, 0.02989625911893_rp, 0.00066188011699055_rp, -3.8321173171098e-6_rp]), &
  exact_bend_coef_struct(18, -0.599, 0.681, &
    10, [-9.2589563642229_rp, -397.89798627581_rp, -3437.2891845703_rp, -8375.5546875_rp, -2944.5309448242_rp, 7655.780456543_rp, 6150.7979736328_rp, 1291.1296037946_rp, 66.638254983085_rp, 0.18547058105469_rp, 0.0_rp, 0.0_rp], &
    9, [-3.3384704589844_rp, -240.36987304687_rp, -3365.1782226562_rp, -15704.165039063_rp, -29445.309448242_rp, -23556.247558594_rp, -7852.0825195312_rp, -961.4794921875_rp, -30.046234130859_rp, 0.0_rp, 0.0_rp], &
    8, [1.0_rp, 3.5306836929127_rp, 4.9787705805848_rp, 3.5748288749893_rp, 1.3787221678681_rp, 0.27591307847442_rp, 0.025151905086668_rp, 0.00074062043812306_rp], &
    9, [1.0_rp, 4.004367903439_rp, 6.5203132716875_rp, 5.5340270154316_rp, 2.6041300484626_rp, 0.66504710948496_rp, 0.082751975852322_rp, 0.0037091269405145_rp, 4.1162181059434e-6_rp]), &
  exact_bend_coef_struct(19, -0.616, 0.695, &
    10, [9.9691173311264_rp, 490.34381021772_rp, 4991.1087210519_rp, 15333.372253418_rp, 11189.217590332_rp, -11189.217590332_rp, -15333.372253418_rp, -4991.1087210519_rp, -490.34381021772_rp, -9.9691173311264_rp, 0.0_rp, 0.0_rp], &
    10, [3.5239410400391_rp, 285.43922424316_rp, 4567.0275878906_rp, 24864.927978516_rp, 55946.08795166_rp, 55946.08795166_rp, 24864.927978516_rp, 4567.0275878906_rp, 285.43922424316_rp, 3.5239410400391_rp, 0.0_rp], &
    8, [1.0_rp, 3.5_rp, 4.8775459718386_rp, 3.4438649295966_rp, 1.294825988365_rp, 0.24837405295099_rp, 0.020877112471247_rp, 0.00050504506367791_rp], &
    9, [1.0_rp, 4.0_rp, 6.508498352791_rp, 5.525495058373_rp, 2.6074910509159_rp, 0.67249033787685_rp, 0.086419935430204_rp, 0.0044239428872841_rp, 0.000049085206240032_rp]), &
  exact_bend_coef_struct(20, -0.631, 0.708, &
    11, [-10.145314383128_rp, -562.44616099766_rp, -6595.6849316188_rp, -24442.055053711_rp, -26418.985977173_rp, 11189.217590332_rp, 30563.140640259_rp, 14099.791521345_rp, 2094.9200207847_rp, 82.071468111068_rp, 0.17619705200195_rp, 0.0_rp], &
    10, [-3.5239410400391_rp, -317.15469360352_rp, -5708.7844848633_rp, -35521.325683594_rp, -93243.479919434_rp, -111892.17590332_rp, -62162.319946289_rp, -15223.425292969_rp, -1427.1961212158_rp, -35.239410400391_rp, 0.0_rp], &
    8, [1.0_rp, 3.5251396690978_rp, 4.9605987099841_rp, 3.5514756331536_rp, 1.3638765739909_rp, 0.27108740107008_rp, 0.024413032466054_rp, 0.00070074454442973_rp], &
    9, [1.0_rp, 4.0013301452883_rp, 6.5088511601214_rp, 5.5169131419853_rp, 2.5913408457078_rp, 0.66008942597404_rp, 0.081834003934574_rp, 0.0036501401808332_rp, 4.5632350175799e-6_rp]), &
  exact_bend_coef_struct(21, -0.645, 0.72, &
    11, [10.837587006887_rp, 676.74351056417_rp, 9125.1352000237_rp, 40468.938903809_rp, 59831.232948303_rp, 0.0_rp, -59831.232948303_rp, -40468.938903809_rp, -9125.1352000237_rp, -676.74351056417_rp, -10.837587006887_rp, 0.0_rp], &
    11, [3.700138092041_rp, 370.0138092041_rp, 7492.7796363831_rp, 53281.988525391_rp, 163176.08985901_rp, 234973.56939697_rp, 163176.08985901_rp, 53281.988525391_rp, 7492.7796363831_rp, 370.0138092041_rp, 3.700138092041_rp], &
    8, [1.0_rp, 3.5_rp, 4.877620852413_rp, 3.4440521310325_rp, 1.2950082042224_rp, 0.24846017530121_rp, 0.020896613402104_rp, 0.00050668185193194_rp], &
    9, [1.0_rp, 4.0_rp, 6.5080556350217_rp, 5.524166905065_rp, 2.6059624003339_rp, 0.67164662555942_rp, 0.0861932030478_rp, 0.004397707778928_rp, 0.000048223327017921_rp]), &
  exact_bend_coef_struct(22, -0.658, 0.731, &
    12, [-11.00577510198_rp, -764.76862112681_rp, -11661.712009907_rp, -60223.711881638_rp, -112336.19247437_rp, -35898.739768982_rp, 95729.972717285_rp, 92973.898429871_rp, 28879.908177853_rp, 3213.3203204473_rp, 98.862697569529_rp, 0.16818809509277_rp], &
    11, [-3.700138092041_rp, -407.01519012451_rp, -9157.8417778015_rp, -73262.734222412_rp, -256419.56977844_rp, -430784.87722778_rp, -358987.39768982_rp, -146525.46844482_rp, -27473.525333405_rp, -2035.0759506226_rp, -40.701519012451_rp], &
    8, [1.0_rp, 3.5205293526005_rp, 4.9455011102732_rp, 3.5320978036904_rp, 1.3515804842329_rp, 0.26710119359406_rp, 0.023805221453277_rp, 0.00066816326407054_rp], &
    9, [1.0_rp, 3.9987902221657_rp, 6.4992703469612_rp, 5.5026175638515_rp, 2.5806701431507_rp, 0.65596147985212_rp, 0.081072889433702_rp, 0.0036018948868731_rp, 4.9980796385363e-6_rp]), &
