     101
  0.0000000000E+00  1.0000000000E-02  0.0000000000E+00  5.0000000000E-02  0.0000000000E+00  0.0000000000E+00  2.8094685518E+06  0.0000000000E+00  6.1405288336E-03  0.0000000000E+00
  7.6923076923E-12  1.0000000000E-02  0.0000000000E+00  5.0000000000E-02  0.0000000000E+00  0.0000000000E+00  3.6445193744E+06  0.0000000000E+00  6.0474964491E-03  0.0000000000E+00
  1.5384615385E-11  1.0000000000E-02  0.0000000000E+00  5.0000000000E-02  0.0000000000E+00  0.0000000000E+00  4.4651869441E+06  0.0000000000E+00  5.9305973590E-03  0.0000000000E+00
  2.3076923077E-11  1.0000000000E-02  0.0000000000E+00  5.0000000000E-02  0.0000000000E+00  0.0000000000E+00  5.2682324608E+06  0.0000000000E+00  5.7902929105E-03  0.0000000000E+00
  3.0769230769E-11  1.0000000000E-02  0.0000000000E+00  5.0000000000E-02  0.0000000000E+00  0.0000000000E+00  6.0504866709E+06  0.0000000000E+00  5.6271368212E-03  0.0000000000E+00
  3.8461538462E-11  1.0000000000E-02  0.0000000000E+00  5.0000000000E-02  0.0000000000E+00  0.0000000000E+00  6.8088623743E+06  0.0000000000E+00  5.4417729937E-03  0.0000000000E+00
  4.6153846154E-11  1.0000000000E-02  0.0000000000E+00  5.0000000000E-02  0.0000000000E+00  0.0000000000E+00  7.5403666085E+06  0.0000000000E+00  5.2349329743E-03  0.0000000000E+00
  5.3846153846E-11  1.0000000000E-02  0.0000000000E+00  5.0000000000E-02  0.0000000000E+00  0.0000000000E+00  8.2421124606E+06  0.0000000000E+00  5.0074330661E-03  0.0000000000E+00
  6.1538461538E-11  1.0000000000E-02  0.0000000000E+00  5.0000000000E-02  0.0000000000E+00  0.0000000000E+00  8.9113304603E+06  0.0000000000E+00  4.7601711072E-03  0.0000000000E+00
  6.9230769231E-11  1.0000000000E-02  0.0000000000E+00  5.0000000000E-02  0.0000000000E+00  0.0000000000E+00  9.5453795099E+06  0.0000000000E+00  4.4941229277E-03  0.0000000000E+00
  7.6923076923E-11  1.0000000000E-02  0.0000000000E+00  5.0000000000E-02  0.0000000000E+00  0.0000000000E+00  1.0141757307E+07  0.0000000000E+00  4.2103384982E-03  0.0000000000E+00
  8.4615384615E-11  1.0000000000E-02  0.0000000000E+00  5.0000000000E-02  0.0000000000E+00  0.0000000000E+00  1.0698110222E+07  0.0000000000E+00  3.9099377861E-03  0.0000000000E+00
  9.2307692308E-11  1.0000000000E-02  0.0000000000E+00  5.0000000000E-02  0.0000000000E+00  0.0000000000E+00  1.1212242583E+07  0.0000000000E+00  3.5941063359E-03  0.0000000000E+00
  1.0000000000E-10  1.0000000000E-02  0.0000000000E+00  5.0000000000E-02  0.0000000000E+00  0.0000000000E+00  1.1682125345E+07  0.0000000000E+00  3.2640905899E-03  0.0000000000E+00
  1.0769230769E-10  1.0000000000E-02  0.0000000000E+00  5.0000000000E-02  0.0000000000E+00  0.0000000000E+00  1.2105904096E+07  0.0000000000E+00  2.9211929696E-03  0.0000000000E+00
  1.1538461538E-10  1.0000000000E-02  0.0000000000E+00  5.0000000000E-02  0.0000000000E+00  0.0000000000E+00  1.2481906374E+07  0.0000000000E+00  2.5667667353E-03  0.0000000000E+00
  1.2307692308E-10  1.0000000000E-02  0.0000000000E+00  5.0000000000E-02  0.0000000000E+00  0.0000000000E+00  1.2808648269E+07  0.0000000000E+00  2.2022106452E-03  0.0000000000E+00
  1.3076923077E-10  1.0000000000E-02  0.0000000000E+00  5.0000000000E-02  0.0000000000E+00  0.0000000000E+00  1.3084840282E+07  0.0000000000E+00  1.8289634359E-03  0.0000000000E+00
  1.3846153846E-10  1.0000000000E-02  0.0000000000E+00  5.0000000000E-02  0.0000000000E+00  0.0000000000E+00  1.3309392408E+07  0.0000000000E+00  1.4484981434E-03  0.0000000000E+00
  1.4615384615E-10  1.0000000000E-02  0.0000000000E+00  5.0000000000E-02  0.0000000000E+00  0.0000000000E+00  1.3481418442E+07  0.0000000000E+00  1.0623162905E-03  0.0000000000E+00
  1.5384615385E-10  1.0000000000E-02  0.0000000000E+00  5.0000000000E-02  0.0000000000E+00  0.0000000000E+00  1.3600239477E+07  0.0000000000E+00  6.7194196057E-04  0.0000000000E+00
  1.6153846154E-10  1.0000000000E-02  0.0000000000E+00  5.0000000000E-02  0.0000000000E+00  0.0000000000E+00  1.3665386580E+07  0.0000000000E+00  2.7891578269E-04  0.0000000000E+00
  1.6923076923E-10  1.0000000000E-02  0.0000000000E+00  5.0000000000E-02  0.0000000000E+00  0.0000000000E+00  1.3676602646E+07  0.0000000000E+00 -1.1521114837E-04  0.0000000000E+00
  1.7692307692E-10  1.0000000000E-02  0.0000000000E+00  5.0000000000E-02  0.0000000000E+00  0.0000000000E+00  1.3633843409E+07  0.0000000000E+00 -5.0888339366E-04  0.0000000000E+00
  1.8461538462E-10  1.0000000000E-02  0.0000000000E+00  5.0000000000E-02  0.0000000000E+00  0.0000000000E+00  1.3537277621E+07  0.0000000000E+00 -9.0054730868E-04  0.0000000000E+00
  1.9230769231E-10  1.0000000000E-02  0.0000000000E+00  5.0000000000E-02  0.0000000000E+00  0.0000000000E+00  1.3387286383E+07  0.0000000000E+00 -1.2886571749E-03  0.0000000000E+00
  2.0000000000E-10  1.0000000000E-02  0.0000000000E+00  5.0000000000E-02  0.0000000000E+00  0.0000000000E+00  1.3184461641E+07  0.0000000000E+00 -1.6716813000E-03  0.0000000000E+00
  2.0769230769E-10  1.0000000000E-02  0.0000000000E+00  5.0000000000E-02  0.0000000000E+00  0.0000000000E+00  1.2929603853E+07  0.0000000000E+00 -2.0481080627E-03  0.0000000000E+00
  2.1538461538E-10  1.0000000000E-02  0.0000000000E+00  5.0000000000E-02  0.0000000000E+00  0.0000000000E+00  1.2623718825E+07  0.0000000000E+00 -2.4164518786E-03  0.0000000000E+00
  2.2307692308E-10  1.0000000000E-02  0.0000000000E+00  5.0000000000E-02  0.0000000000E+00  0.0000000000E+00  1.2268013746E+07  0.0000000000E+00 -2.7752590628E-03  0.0000000000E+00
  2.3076923077E-10  1.0000000000E-02  0.0000000000E+00  5.0000000000E-02  0.0000000000E+00  0.0000000000E+00  1.1863892422E+07  0.0000000000E+00 -3.1231135675E-03  0.0000000000E+00
  2.3846153846E-10  1.0000000000E-02  0.0000000000E+00  5.0000000000E-02  0.0000000000E+00  0.0000000000E+00  1.1412949734E+07  0.0000000000E+00 -3.4586425697E-03  0.0000000000E+00
  2.4615384615E-10  1.0000000000E-02  0.0000000000E+00  5.0000000000E-02  0.0000000000E+00  0.0000000000E+00  1.0916965348E+07  0.0000000000E+00 -3.7805218898E-03  0.0000000000E+00
  2.5384615385E-10  1.0000000000E-02  0.0000000000E+00  5.0000000000E-02  0.0000000000E+00  0.0000000000E+00  1.0377896688E+07  0.0000000000E+00 -4.0874812172E-03  0.0000000000E+00
  2.6153846154E-10  1.0000000000E-02  0.0000000000E+00  5.0000000000E-02  0.0000000000E+00  0.0000000000E+00  9.7978712098E+06  0.0000000000E+00 -4.3783091236E-03  0.0000000000E+00
  2.6923076923E-10  1.0000000000E-02  0.0000000000E+00  5.0000000000E-02  0.0000000000E+00  0.0000000000E+00  9.1791780105E+06  0.0000000000E+00 -4.6518578441E-03  0.0000000000E+00
  2.7692307692E-10  1.0000000000E-02  0.0000000000E+00  5.0000000000E-02  0.0000000000E+00  0.0000000000E+00  8.5242587892E+06  0.0000000000E+00 -4.9070478069E-03  0.0000000000E+00
  2.8461538462E-10  1.0000000000E-02  0.0000000000E+00  5.0000000000E-02  0.0000000000E+00  0.0000000000E+00  7.8356982128E+06  0.0000000000E+00 -5.1428718939E-03  0.0000000000E+00
  2.9230769231E-10  1.0000000000E-02  0.0000000000E+00  5.0000000000E-02  0.0000000000E+00  0.0000000000E+00  7.1162137154E+06  0.0000000000E+00 -5.3583994151E-03  0.0000000000E+00
  3.0000000000E-10  1.0000000000E-02  0.0000000000E+00  5.0000000000E-02  0.0000000000E+00  0.0000000000E+00  6.3686447735E+06  0.0000000000E+00 -5.5527797818E-03  0.0000000000E+00
  3.0769230769E-10  1.0000000000E-02  0.0000000000E+00  5.0000000000E-02  0.0000000000E+00  0.0000000000E+00  5.5959417003E+06  0.0000000000E+00 -5.7252458635E-03  0.0000000000E+00
  3.1538461538E-10  1.0000000000E-02  0.0000000000E+00  5.0000000000E-02  0.0000000000E+00  0.0000000000E+00  4.8011540017E+06  0.0000000000E+00 -5.8751170154E-03  0.0000000000E+00
  3.2307692308E-10  1.0000000000E-02  0.0000000000E+00  5.0000000000E-02  0.0000000000E+00  0.0000000000E+00  3.9874183417E+06  0.0000000000E+00 -6.0018017646E-03  0.0000000000E+00
  3.3076923077E-10  1.0000000000E-02  0.0000000000E+00  5.0000000000E-02  0.0000000000E+00  0.0000000000E+00  3.1579461632E+06  0.0000000000E+00 -6.1048001441E-03  0.0000000000E+00
  3.3846153846E-10  1.0000000000E-02  0.0000000000E+00  5.0000000000E-02  0.0000000000E+00  0.0000000000E+00  2.3160110139E+06  0.0000000000E+00 -6.1837056665E-03  0.0000000000E+00
  3.4615384615E-10  1.0000000000E-02  0.0000000000E+00  5.0000000000E-02  0.0000000000E+00  0.0000000000E+00  1.4649356273E+06  0.0000000000E+00 -6.2382069277E-03  0.0000000000E+00
  3.5384615385E-10  1.0000000000E-02  0.0000000000E+00  5.0000000000E-02  0.0000000000E+00  0.0000000000E+00  6.0807880894E+05  0.0000000000E+00 -6.2680888361E-03  0.0000000000E+00
  3.6153846154E-10  1.0000000000E-02  0.0000000000E+00  5.0000000000E-02  0.0000000000E+00  0.0000000000E+00 -2.5117781864E+05  0.0000000000E+00 -6.2732334615E-03  0.0000000000E+00
  3.6923076923E-10  1.0000000000E-02  0.0000000000E+00  5.0000000000E-02  0.0000000000E+00  0.0000000000E+00 -1.1094431621E+06  0.0000000000E+00 -6.2536205003E-03  0.0000000000E+00
  3.7692307692E-10  1.0000000000E-02  0.0000000000E+00  5.0000000000E-02  0.0000000000E+00  0.0000000000E+00 -1.9633300403E+06  0.0000000000E+00 -6.2093273561E-03  0.0000000000E+00
  3.8461538462E-10  1.0000000000E-02  0.0000000000E+00  5.0000000000E-02  0.0000000000E+00  0.0000000000E+00 -2.8094685518E+06  0.0000000000E+00 -6.1405288336E-03  0.0000000000E+00
  3.9230769231E-10  1.0000000000E-02  0.0000000000E+00  5.0000000000E-02  0.0000000000E+00  0.0000000000E+00 -3.6445193744E+06  0.0000000000E+00 -6.0474964491E-03  0.0000000000E+00
  4.0000000000E-10  1.0000000000E-02  0.0000000000E+00  5.0000000000E-02  0.0000000000E+00  0.0000000000E+00 -4.4651869441E+06  0.0000000000E+00 -5.9305973590E-03  0.0000000000E+00
  4.0769230769E-10  1.0000000000E-02  0.0000000000E+00  5.0000000000E-02  0.0000000000E+00  0.0000000000E+00 -5.2682324608E+06  0.0000000000E+00 -5.7902929105E-03  0.0000000000E+00
  4.1538461538E-10  1.0000000000E-02  0.0000000000E+00  5.0000000000E-02  0.0000000000E+00  0.0000000000E+00 -6.0504866709E+06  0.0000000000E+00 -5.6271368212E-03  0.0000000000E+00
  4.2307692308E-10  1.0000000000E-02  0.0000000000E+00  5.0000000000E-02  0.0000000000E+00  0.0000000000E+00 -6.8088623743E+06  0.0000000000E+00 -5.4417729937E-03  0.0000000000E+00
  4.3076923077E-10  1.0000000000E-02  0.0000000000E+00  5.0000000000E-02  0.0000000000E+00  0.0000000000E+00 -7.5403666085E+06  0.0000000000E+00 -5.2349329743E-03  0.0000000000E+00
  4.3846153846E-10  1.0000000000E-02  0.0000000000E+00  5.0000000000E-02  0.0000000000E+00  0.0000000000E+00 -8.2421124606E+06  0.0000000000E+00 -5.0074330661E-03  0.0000000000E+00
  4.4615384615E-10  1.0000000000E-02  0.0000000000E+00  5.0000000000E-02  0.0000000000E+00  0.0000000000E+00 -8.9113304603E+06  0.0000000000E+00 -4.7601711072E-03  0.0000000000E+00
  4.5384615385E-10  1.0000000000E-02  0.0000000000E+00  5.0000000000E-02  0.0000000000E+00  0.0000000000E+00 -9.5453795099E+06  0.0000000000E+00 -4.4941229277E-03  0.0000000000E+00
  4.6153846154E-10  1.0000000000E-02  0.0000000000E+00  5.0000000000E-02  0.0000000000E+00  0.0000000000E+00 -1.0141757307E+07  0.0000000000E+00 -4.2103384982E-03  0.0000000000E+00
  4.6923076923E-10  1.0000000000E-02  0.0000000000E+00  5.0000000000E-02  0.0000000000E+00  0.0000000000E+00 -1.0698110222E+07  0.0000000000E+00 -3.9099377861E-03  0.0000000000E+00
  4.7692307692E-10  1.0000000000E-02  0.0000000000E+00  5.0000000000E-02  0.0000000000E+00  0.0000000000E+00 -1.1212242583E+07  0.0000000000E+00 -3.5941063359E-03  0.0000000000E+00
  4.8461538462E-10  1.0000000000E-02  0.0000000000E+00  5.0000000000E-02  0.0000000000E+00  0.0000000000E+00 -1.1682125345E+07  0.0000000000E+00 -3.2640905899E-03  0.0000000000E+00
  4.9230769231E-10  1.0000000000E-02  0.0000000000E+00  5.0000000000E-02  0.0000000000E+00  0.0000000000E+00 -1.2105904096E+07  0.0000000000E+00 -2.9211929696E-03  0.0000000000E+00
  5.0000000000E-10  1.0000000000E-02  0.0000000000E+00  5.0000000000E-02  0.0000000000E+00  0.0000000000E+00 -1.2481906374E+07  0.0000000000E+00 -2.5667667353E-03  0.0000000000E+00
  5.0769230769E-10  1.0000000000E-02  0.0000000000E+00  5.0000000000E-02  0.0000000000E+00  0.0000000000E+00 -1.2808648269E+07  0.0000000000E+00 -2.2022106452E-03  0.0000000000E+00
  5.1538461538E-10  1.0000000000E-02  0.0000000000E+00  5.0000000000E-02  0.0000000000E+00  0.0000000000E+00 -1.3084840282E+07  0.0000000000E+00 -1.8289634359E-03  0.0000000000E+00
  5.2307692308E-10  1.0000000000E-02  0.0000000000E+00  5.0000000000E-02  0.0000000000E+00  0.0000000000E+00 -1.3309392408E+07  0.0000000000E+00 -1.4484981434E-03  0.0000000000E+00
  5.3076923077E-10  1.0000000000E-02  0.0000000000E+00  5.0000000000E-02  0.0000000000E+00  0.0000000000E+00 -1.3481418442E+07  0.0000000000E+00 -1.0623162905E-03  0.0000000000E+00
  5.3846153846E-10  1.0000000000E-02  0.0000000000E+00  5.0000000000E-02  0.0000000000E+00  0.0000000000E+00 -1.3600239477E+07  0.0000000000E+00 -6.7194196057E-04  0.0000000000E+00
  5.4615384615E-10  1.0000000000E-02  0.0000000000E+00  5.0000000000E-02  0.0000000000E+00  0.0000000000E+00 -1.3665386580E+07  0.0000000000E+00 -2.7891578269E-04  0.0000000000E+00
  5.5384615385E-10  1.0000000000E-02  0.0000000000E+00  5.0000000000E-02  0.0000000000E+00  0.0000000000E+00 -1.3676602646E+07  0.0000000000E+00  1.1521114837E-04  0.0000000000E+00
  5.6153846154E-10  1.0000000000E-02  0.0000000000E+00  5.0000000000E-02  0.0000000000E+00  0.0000000000E+00 -1.3633843409E+07  0.0000000000E+00  5.0888339366E-04  0.0000000000E+00
  5.6923076923E-10  1.0000000000E-02  0.0000000000E+00  5.0000000000E-02  0.0000000000E+00  0.0000000000E+00 -1.3537277621E+07  0.0000000000E+00  9.0054730868E-04  0.0000000000E+00
  5.7692307692E-10  1.0000000000E-02  0.0000000000E+00  5.0000000000E-02  0.0000000000E+00  0.0000000000E+00 -1.3387286383E+07  0.0000000000E+00  1.2886571749E-03  0.0000000000E+00
  5.8461538462E-10  1.0000000000E-02  0.0000000000E+00  5.0000000000E-02  0.0000000000E+00  0.0000000000E+00 -1.3184461641E+07  0.0000000000E+00  1.6716813000E-03  0.0000000000E+00
  5.9230769231E-10  1.0000000000E-02  0.0000000000E+00  5.0000000000E-02  0.0000000000E+00  0.0000000000E+00 -1.2929603853E+07  0.0000000000E+00  2.0481080627E-03  0.0000000000E+00
  6.0000000000E-10  1.0000000000E-02  0.0000000000E+00  5.0000000000E-02  0.0000000000E+00  0.0000000000E+00 -1.2623718825E+07  0.0000000000E+00  2.4164518786E-03  0.0000000000E+00
  6.0769230769E-10  1.0000000000E-02  0.0000000000E+00  5.0000000000E-02  0.0000000000E+00  0.0000000000E+00 -1.2268013746E+07  0.0000000000E+00  2.7752590628E-03  0.0000000000E+00
  6.1538461538E-10  1.0000000000E-02  0.0000000000E+00  5.0000000000E-02  0.0000000000E+00  0.0000000000E+00 -1.1863892422E+07  0.0000000000E+00  3.1231135675E-03  0.0000000000E+00
  6.2307692308E-10  1.0000000000E-02  0.0000000000E+00  5.0000000000E-02  0.0000000000E+00  0.0000000000E+00 -1.1412949734E+07  0.0000000000E+00  3.4586425697E-03  0.0000000000E+00
  6.3076923077E-10  1.0000000000E-02  0.0000000000E+00  5.0000000000E-02  0.0000000000E+00  0.0000000000E+00 -1.0916965348E+07  0.0000000000E+00  3.7805218898E-03  0.0000000000E+00
  6.3846153846E-10  1.0000000000E-02  0.0000000000E+00  5.0000000000E-02  0.0000000000E+00  0.0000000000E+00 -1.0377896688E+07  0.0000000000E+00  4.0874812172E-03  0.0000000000E+00
  6.4615384615E-10  1.0000000000E-02  0.0000000000E+00  5.0000000000E-02  0.0000000000E+00  0.0000000000E+00 -9.7978712098E+06  0.0000000000E+00  4.3783091236E-03  0.0000000000E+00
  6.5384615385E-10  1.0000000000E-02  0.0000000000E+00  5.0000000000E-02  0.0000000000E+00  0.0000000000E+00 -9.1791780105E+06  0.0000000000E+00  4.6518578441E-03  0.0000000000E+00
  6.6153846154E-10  1.0000000000E-02  0.0000000000E+00  5.0000000000E-02  0.0000000000E+00  0.0000000000E+00 -8.5242587892E+06  0.0000000000E+00  4.9070478069E-03  0.0000000000E+00
  6.6923076923E-10  1.0000000000E-02  0.0000000000E+00  5.0000000000E-02  0.0000000000E+00  0.0000000000E+00 -7.8356982128E+06  0.0000000000E+00  5.1428718939E-03  0.0000000000E+00
  6.7692307692E-10  1.0000000000E-02  0.0000000000E+00  5.0000000000E-02  0.0000000000E+00  0.0000000000E+00 -7.1162137154E+06  0.0000000000E+00  5.3583994151E-03  0.0000000000E+00
  6.8461538462E-10  1.0000000000E-02  0.0000000000E+00  5.0000000000E-02  0.0000000000E+00  0.0000000000E+00 -6.3686447735E+06  0.0000000000E+00  5.5527797818E-03  0.0000000000E+00
  6.9230769231E-10  1.0000000000E-02  0.0000000000E+00  5.0000000000E-02  0.0000000000E+00  0.0000000000E+00 -5.5959417003E+06  0.0000000000E+00  5.7252458635E-03  0.0000000000E+00
  7.0000000000E-10  1.0000000000E-02  0.0000000000E+00  5.0000000000E-02  0.0000000000E+00  0.0000000000E+00 -4.8011540017E+06  0.0000000000E+00  5.8751170154E-03  0.0000000000E+00
  7.0769230769E-10  1.0000000000E-02  0.0000000000E+00  5.0000000000E-02  0.0000000000E+00  0.0000000000E+00 -3.9874183417E+06  0.0000000000E+00  6.0018017646E-03  0.0000000000E+00
  7.1538461538E-10  1.0000000000E-02  0.0000000000E+00  5.0000000000E-02  0.0000000000E+00  0.0000000000E+00 -3.1579461632E+06  0.0000000000E+00  6.1048001441E-03  0.0000000000E+00
  7.2307692308E-10  1.0000000000E-02  0.0000000000E+00  5.0000000000E-02  0.0000000000E+00  0.0000000000E+00 -2.3160110139E+06  0.0000000000E+00  6.1837056665E-03  0.0000000000E+00
  7.3076923077E-10  1.0000000000E-02  0.0000000000E+00  5.0000000000E-02  0.0000000000E+00  0.0000000000E+00 -1.4649356273E+06  0.0000000000E+00  6.2382069277E-03  0.0000000000E+00
  7.3846153846E-10  1.0000000000E-02  0.0000000000E+00  5.0000000000E-02  0.0000000000E+00  0.0000000000E+00 -6.0807880894E+05  0.0000000000E+00  6.2680888361E-03  0.0000000000E+00
  7.4615384615E-10  1.0000000000E-02  0.0000000000E+00  5.0000000000E-02  0.0000000000E+00  0.0000000000E+00  2.5117781864E+05  0.0000000000E+00  6.2732334615E-03  0.0000000000E+00
  7.5384615385E-10  1.0000000000E-02  0.0000000000E+00  5.0000000000E-02  0.0000000000E+00  0.0000000000E+00  1.1094431621E+06  0.0000000000E+00  6.2536205003E-03  0.0000000000E+00
  7.6153846154E-10  1.0000000000E-02  0.0000000000E+00  5.0000000000E-02  0.0000000000E+00  0.0000000000E+00  1.9633300403E+06  0.0000000000E+00  6.2093273561E-03  0.0000000000E+00
  7.6923076923E-10  1.0000000000E-02  0.0000000000E+00  5.0000000000E-02  0.0000000000E+00  0.0000000000E+00  2.8094685518E+06  0.0000000000E+00  6.1405288336E-03  0.0000000000E+00
