# lat_file                            	= esr-18GeV.bmad                                                                                                                                                                                          
# ele_eval                   		= 107                                     
# n_samples                         	=        1      35       1
# J                          		=   1.00000000E-09  5.00000000E-09  0.00000000E+00
# -----------------------------------------------------------
# ADST                        		=  -4.99902379E-01
# -----------------------------------------------------------
## phi_1          phi_2          phi_3          |          x              px               y              py               z              pz        |         nx              ny              nz
  0.00000000E+00  0.00000000E+00  0.00000000E+00     1.00093301E-04  4.97412210E-05  4.19681703E-04 -7.36603844E-05 -1.41778281E-06  2.22920874E-12     3.06226687E-04 -9.99985451E-01  5.38548367E-03
  0.00000000E+00  1.79519580E-01  0.00000000E+00     1.00091791E-04  4.97401885E-05  4.12937329E-04 -6.82220002E-05 -1.41783867E-06  2.21790428E-12    -8.91700481E-04 -9.99985847E-01  5.24506139E-03
  0.00000000E+00  3.59039160E-01  0.00000000E+00     1.00089422E-04  4.97386188E-05  3.92920978E-04 -6.05909058E-05 -1.41791281E-06  2.20600258E-12    -2.06588963E-03 -9.99985696E-01  4.93362484E-03
  0.00000000E+00  5.38558741E-01  0.00000000E+00     1.00086271E-04  4.97365623E-05  3.60275991E-04 -5.10123707E-05 -1.41800285E-06  2.19388617E-12    -3.17812749E-03 -9.99985003E-01  4.46018953E-03
  0.00000000E+00  7.18078321E-01  0.00000000E+00     1.00082439E-04  4.97340851E-05  3.16051606E-04 -3.97942570E-05 -1.41810589E-06  2.18194448E-12    -4.19188777E-03 -9.99983842E-01  3.83968335E-03
  0.00000000E+00  8.97597901E-01  0.00000000E+00     1.00078049E-04  4.97312669E-05  2.61669230E-04 -2.72971242E-05 -1.41821862E-06  2.17056133E-12    -5.07367655E-03 -9.99982346E-01  3.09270241E-03
  0.00000000E+00  1.07711748E+00  0.00000000E+00     1.00073242E-04  4.97281983E-05  1.98876757E-04 -1.39226402E-05 -1.41833742E-06  2.16010257E-12    -5.79250851E-03 -9.99980707E-01  2.24322713E-03
  0.00000000E+00  1.25663706E+00  0.00000000E+00     1.00068172E-04  4.97249778E-05  1.29692390E-04 -1.00672111E-07 -1.41845846E-06  2.15090437E-12    -6.32394331E-03 -9.99979132E-01  1.32038050E-03
  0.00000000E+00  1.43615664E+00  0.00000000E+00     1.00063004E-04  4.97217090E-05  5.63397712E-05  1.37245307E-05 -1.41857787E-06  2.14326236E-12    -6.64877007E-03 -9.99977834E-01  3.55006901E-04
  0.00000000E+00  1.61567622E+00  0.00000000E+00     1.00057902E-04  4.97184969E-05 -1.88234865E-05  2.71086149E-05 -1.41869179E-06  2.13742216E-12    -6.75533902E-03 -9.99976990E-01 -6.20258538E-04
  0.00000000E+00  1.79519580E+00  0.00000000E+00     1.00053030E-04  4.97154447E-05 -9.33815739E-05  3.96214049E-05 -1.41879658E-06  2.13357148E-12    -6.63974865E-03 -9.99976720E-01 -1.57273443E-03
  0.00000000E+00  1.97471538E+00  0.00000000E+00     1.00048546E-04  4.97126507E-05 -1.64938133E-04  5.08607294E-05 -1.41888885E-06  2.13183408E-12    -6.30548730E-03 -9.99977066E-01 -2.47160600E-03
  0.00000000E+00  2.15423496E+00  0.00000000E+00     1.00044594E-04  4.97102045E-05 -2.31193276E-04  6.04653473E-05 -1.41896565E-06  2.13226581E-12    -5.76423090E-03 -9.99977981E-01 -3.28812213E-03
  0.00000000E+00  2.33375454E+00  0.00000000E+00     1.00041300E-04  4.97081849E-05 -2.90017509E-04  6.81265582E-05 -1.41902451E-06  2.13485279E-12    -5.03546829E-03 -9.99979336E-01 -3.99636744E-03
  0.00000000E+00  2.51327412E+00  0.00000000E+00     1.00038770E-04  4.97066566E-05 -3.39520173E-04  7.35981245E-05 -1.41906353E-06  2.13951187E-12    -4.14456013E-03 -9.99980946E-01 -4.57496064E-03
  0.00000000E+00  2.69279370E+00  0.00000000E+00     1.00037085E-04  4.97056689E-05 -3.78110211E-04  7.67041856E-05 -1.41908146E-06  2.14609330E-12    -3.12226530E-03 -9.99982591E-01 -5.00683001E-03
  0.00000000E+00  2.87231328E+00  0.00000000E+00     1.00036301E-04  4.97052534E-05 -4.04547308E-04  7.73449101E-05 -1.41907773E-06  2.15438556E-12    -2.00399785E-03 -9.99984059E-01 -5.27885775E-03
  0.00000000E+00  3.05183286E+00  0.00000000E+00     1.00036441E-04  4.97054236E-05 -4.17981754E-04  7.54997045E-05 -1.41905245E-06  2.16412212E-12    -8.26587957E-04 -9.99985166E-01 -5.38381336E-03
  0.00000000E+00  3.23135244E+00  0.00000000E+00     1.00037502E-04  4.97061739E-05 -4.17981754E-04  7.12278754E-05 -1.41900644E-06  2.17499004E-12     3.71199070E-04 -9.99985787E-01 -5.31860508E-03
  0.00000000E+00  3.41087202E+00  0.00000000E+00     1.00039449E-04  4.97074803E-05 -4.04547308E-04  6.46667229E-05 -1.41894117E-06  2.18664001E-12     1.55110396E-03 -9.99985866E-01 -5.08538093E-03
  0.00000000E+00  3.59039160E+00  0.00000000E+00     1.00042221E-04  4.97093007E-05 -3.78110211E-04  5.60271276E-05 -1.41885875E-06  2.19869761E-12     2.67624694E-03 -9.99985415E-01 -4.69128514E-03
  0.00000000E+00  3.76991118E+00  0.00000000E+00     1.00045726E-04  4.97115767E-05 -3.39520173E-04  4.55867735E-05 -1.41876182E-06  2.21077528E-12     3.71228178E-03 -9.99984504E-01 -4.14859595E-03
  0.00000000E+00  3.94943076E+00  0.00000000E+00     1.00049854E-04  4.97142351E-05 -2.90017509E-04  3.36812220E-05 -1.41865350E-06  2.22248484E-12     4.62743185E-03 -9.99983260E-01 -3.47368973E-03
  0.00000000E+00  4.12895034E+00  0.00000000E+00     1.00054471E-04  4.97171904E-05 -2.31193276E-04  2.06931273E-05 -1.41853727E-06  2.23344994E-12     5.39444633E-03 -9.99981837E-01 -2.68788094E-03
  0.00000000E+00  4.30846992E+00  0.00000000E+00     1.00059429E-04  4.97203477E-05 -1.64938133E-04  7.03993756E-06 -1.41841686E-06  2.24331814E-12     5.99026897E-03 -9.99980409E-01 -1.81595165E-03
  0.00000000E+00  4.48798951E+00  0.00000000E+00     1.00064569E-04  4.97236055E-05 -9.33815739E-05 -6.83952254E-06 -1.41829615E-06  2.25177228E-12     6.39709456E-03 -9.99979146E-01 -8.85823650E-04
  0.00000000E+00  4.66750909E+00  0.00000000E+00     1.00069725E-04  4.97268591E-05 -1.88234865E-05 -2.04991557E-05 -1.41817902E-06  2.25854064E-12     6.60204330E-03 -9.99978204E-01  7.31823791E-05
  0.00000000E+00  4.84702867E+00  0.00000000E+00     1.00074732E-04  4.97300038E-05  5.63397712E-05 -3.34999301E-05 -1.41806922E-06  2.26340566E-12     6.59871390E-03 -9.99977698E-01  1.03023839E-03
  0.00000000E+00  5.02654825E+00  0.00000000E+00     1.00079429E-04  4.97329387E-05  1.29692390E-04 -4.54239901E-05 -1.41797029E-06  2.26621100E-12     6.38677004E-03 -9.99977694E-01  1.95478708E-03
  0.00000000E+00  5.20606783E+00  0.00000000E+00     1.00083664E-04  4.97355694E-05  1.98876757E-04 -5.58880867E-05 -1.41788541E-06  2.26686647E-12     5.97227036E-03 -9.99978197E-01  2.81734979E-03
  0.00000000E+00  5.38558741E+00  0.00000000E+00     1.00087302E-04  4.97378114E-05  2.61669230E-04 -6.45558951E-05 -1.41781731E-06  2.26535102E-12     5.36733023E-03 -9.99979149E-01  3.59066491E-03
  0.00000000E+00  5.56510699E+00  0.00000000E+00     1.00090226E-04  4.97395925E-05  3.16051606E-04 -7.11488249E-05 -1.41776817E-06  2.26171334E-12     4.59062539E-03 -9.99980433E-01  4.24971707E-03
  0.00000000E+00  5.74462657E+00  0.00000000E+00     1.00092341E-04  4.97408556E-05  3.60275991E-04 -7.54549739E-05 -1.41773958E-06  2.25607037E-12     3.66586006E-03 -9.99981888E-01  4.77341701E-03
  0.00000000E+00  5.92414615E+00  0.00000000E+00     1.00093581E-04  4.97415600E-05  3.92920978E-04 -7.73359389E-05 -1.41773245E-06  2.24860346E-12     2.62134982E-03 -9.99983329E-01  5.14486218E-03
  0.00000000E+00  6.10366573E+00  0.00000000E+00     1.00093904E-04  4.97416831E-05  4.12937329E-04 -7.67312641E-05 -1.41774702E-06  2.23955262E-12     1.48959838E-03 -9.99984571E-01  5.35145742E-03
